{"meta": {"format": 3, "version": "7.13.1", "timestamp": "2026-01-08T16:03:36.054073", "branch_coverage": false, "show_contexts": false}, "files": {"app/__init__.py": {"executed_lines": [], "summary": {"covered_lines": 0, "num_statements": 0, "percent_covered": 100.0, "percent_covered_display": "100", "missing_lines": 0, "excluded_lines": 0, "percent_statements_covered": 100.0, "percent_statements_covered_display": "100"}, "missing_lines": [], "excluded_lines": [], "functions": {"": {"executed_lines": [], "summary": {"covered_lines": 0, "num_statements": 0, "percent_covered": 100.0, "percent_covered_display": "100", "missing_lines": 0, "excluded_lines": 0, "percent_statements_covered": 100.0, "percent_statements_covered_display": "100"}, "missing_lines": [], "excluded_lines": [], "start_line": 1}}, "classes": {"": {"executed_lines": [], "summary": {"covered_lines": 0, "num_statements": 0, "percent_covered": 100.0, "percent_covered_display": "100", "missing_lines": 0, "excluded_lines": 0, "percent_statements_covered": 100.0, "percent_statements_covered_display": "100"}, "missing_lines": [], "excluded_lines": [], "start_line": 1}}}, "app/api/__init__.py": {"executed_lines": [], "summary": {"covered_lines": 0, "num_statements": 0, "percent_covered": 100.0, "percent_covered_display": "100", "missing_lines": 0, "excluded_lines": 0, "percent_statements_covered": 100.0, "percent_statements_covered_display": "100"}, "missing_lines": [], "excluded_lines": [], "functions": {"": {"executed_lines": [], "summary": {"covered_lines": 0, "num_statements": 0, "percent_covered": 100.0, "percent_covered_display": "100", "missing_lines": 0, "excluded_lines": 0, "percent_statements_covered": 100.0, "percent_statements_covered_display": "100"}, "missing_lines": [], "excluded_lines": [], "start_line": 1}}, "classes": {"": {"executed_lines": [], "summary": {"covered_lines": 0, "num_statements": 0, "percent_covered": 100.0, "percent_covered_display": "100", "missing_lines": 0, "excluded_lines": 0, "percent_statements_covered": 100.0, "percent_statements_covered_display": "100"}, "missing_lines": [], "excluded_lines": [], "start_line": 1}}}, "app/api/v1/__init__.py": {"executed_lines": [], "summary": {"covered_lines": 0, "num_statements": 0, "percent_covered": 100.0, "percent_covered_display": "100", "missing_lines": 0, "excluded_lines": 0, "percent_statements_covered": 100.0, "percent_statements_covered_display": "100"}, "missing_lines": [], "excluded_lines": [], "functions": {"": {"executed_lines": [], "summary": {"covered_lines": 0, "num_statements": 0, "percent_covered": 100.0, "percent_covered_display": "100", "missing_lines": 0, "excluded_lines": 0, "percent_statements_covered": 100.0, "percent_statements_covered_display": "100"}, "missing_lines": [], "excluded_lines": [], "start_line": 1}}, "classes": {"": {"executed_lines": [], "summary": {"covered_lines": 0, "num_statements": 0, "percent_covered": 100.0, "percent_covered_display": "100", "missing_lines": 0, "excluded_lines": 0, "percent_statements_covered": 100.0, "percent_statements_covered_display": "100"}, "missing_lines": [], "excluded_lines": [], "start_line": 1}}}, "app/api/v1/endpoints/__init__.py": {"executed_lines": [], "summary": {"covered_lines": 0, "num_statements": 0, "percent_covered": 100.0, "percent_covered_display": "100", "missing_lines": 0, "excluded_lines": 0, "percent_statements_covered": 100.0, "percent_statements_covered_display": "100"}, "missing_lines": [], "excluded_lines": [], "functions": {"": {"executed_lines": [], "summary": {"covered_lines": 0, "num_statements": 0, "percent_covered": 100.0, "percent_covered_display": "100", "missing_lines": 0, "excluded_lines": 0, "percent_statements_covered": 100.0, "percent_statements_covered_display": "100"}, "missing_lines": [], "excluded_lines": [], "start_line": 1}}, "classes": {"": {"executed_lines": [], "summary": {"covered_lines": 0, "num_statements": 0, "percent_covered": 100.0, "percent_covered_display": "100", "missing_lines": 0, "excluded_lines": 0, "percent_statements_covered": 100.0, "percent_statements_covered_display": "100"}, "missing_lines": [], "excluded_lines": [], "start_line": 1}}}, "app/api/v1/endpoints/analytics.py": {"executed_lines": [17, 18, 20, 21, 23, 24, 25, 26, 38, 40, 48, 55, 69, 70, 73, 97, 104, 121, 122, 126, 143, 153, 216, 223, 235, 236, 238, 260, 267, 280, 281, 286, 308, 315, 326, 327, 345, 352, 366, 367], "summary": {"covered_lines": 40, "num_statements": 52, "percent_covered": 76.92307692307692, "percent_covered_display": "77", "missing_lines": 12, "excluded_lines": 0, "percent_statements_covered": 76.92307692307692, "percent_statements_covered_display": "77"}, "missing_lines": [84, 125, 136, 137, 138, 139, 140, 164, 248, 295, 329, 369], "excluded_lines": [], "functions": {"get_efcsn_compliance": {"executed_lines": [69, 70, 73], "summary": {"covered_lines": 3, "num_statements": 4, "percent_covered": 75.0, "percent_covered_display": "75", "missing_lines": 1, "excluded_lines": 0, "percent_statements_covered": 75.0, "percent_statements_covered_display": "75"}, "missing_lines": [84], "excluded_lines": [], "start_line": 55}, "get_analytics_dashboard": {"executed_lines": [121, 122, 126, 143, 153], "summary": {"covered_lines": 5, "num_statements": 12, "percent_covered": 41.666666666666664, "percent_covered_display": "42", "missing_lines": 7, "excluded_lines": 0, "percent_statements_covered": 41.666666666666664, "percent_statements_covered_display": "42"}, "missing_lines": [125, 136, 137, 138, 139, 140, 164], "excluded_lines": [], "start_line": 104}, "get_monthly_fact_checks": {"executed_lines": [235, 236, 238], "summary": {"covered_lines": 3, "num_statements": 4, "percent_covered": 75.0, "percent_covered_display": "75", "missing_lines": 1, "excluded_lines": 0, "percent_statements_covered": 75.0, "percent_statements_covered_display": "75"}, "missing_lines": [248], "excluded_lines": [], "start_line": 223}, "get_rating_distribution": {"executed_lines": [280, 281, 286], "summary": {"covered_lines": 3, "num_statements": 4, "percent_covered": 75.0, "percent_covered_display": "75", "missing_lines": 1, "excluded_lines": 0, "percent_statements_covered": 75.0, "percent_statements_covered_display": "75"}, "missing_lines": [295], "excluded_lines": [], "start_line": 267}, "get_source_quality": {"executed_lines": [326, 327], "summary": {"covered_lines": 2, "num_statements": 3, "percent_covered": 66.66666666666667, "percent_covered_display": "67", "missing_lines": 1, "excluded_lines": 0, "percent_statements_covered": 66.66666666666667, "percent_statements_covered_display": "67"}, "missing_lines": [329], "excluded_lines": [], "start_line": 315}, "get_correction_rate": {"executed_lines": [366, 367], "summary": {"covered_lines": 2, "num_statements": 3, "percent_covered": 66.66666666666667, "percent_covered_display": "67", "missing_lines": 1, "excluded_lines": 0, "percent_statements_covered": 66.66666666666667, "percent_statements_covered_display": "67"}, "missing_lines": [369], "excluded_lines": [], "start_line": 352}, "": {"executed_lines": [17, 18, 20, 21, 23, 24, 25, 26, 38, 40, 48, 55, 97, 104, 216, 223, 260, 267, 308, 315, 345, 352], "summary": {"covered_lines": 22, "num_statements": 22, "percent_covered": 100.0, "percent_covered_display": "100", "missing_lines": 0, "excluded_lines": 0, "percent_statements_covered": 100.0, "percent_statements_covered_display": "100"}, "missing_lines": [], "excluded_lines": [], "start_line": 1}}, "classes": {"": {"executed_lines": [17, 18, 20, 21, 23, 24, 25, 26, 38, 40, 48, 55, 69, 70, 73, 97, 104, 121, 122, 126, 143, 153, 216, 223, 235, 236, 238, 260, 267, 280, 281, 286, 308, 315, 326, 327, 345, 352, 366, 367], "summary": {"covered_lines": 40, "num_statements": 52, "percent_covered": 76.92307692307692, "percent_covered_display": "77", "missing_lines": 12, "excluded_lines": 0, "percent_statements_covered": 76.92307692307692, "percent_statements_covered_display": "77"}, "missing_lines": [84, 125, 136, 137, 138, 139, 140, 164, 248, 295, 329, 369], "excluded_lines": [], "start_line": 1}}}, "app/api/v1/endpoints/auth.py": {"executed_lines": [5, 6, 8, 9, 10, 11, 13, 14, 15, 16, 23, 24, 32, 34, 36, 39, 40, 47, 48, 89, 90, 97, 98, 134, 135, 147, 149, 150, 157, 158, 159, 160, 161, 162, 169, 170, 177, 179, 180, 181, 204, 205, 216, 219, 222, 223, 226, 228, 229, 230, 232, 235, 236, 237, 238, 240, 242, 245, 246, 255], "summary": {"covered_lines": 60, "num_statements": 88, "percent_covered": 68.18181818181819, "percent_covered_display": "68", "missing_lines": 28, "excluded_lines": 0, "percent_statements_covered": 68.18181818181819, "percent_statements_covered_display": "68"}, "missing_lines": [49, 51, 52, 58, 61, 68, 69, 70, 73, 79, 80, 82, 99, 102, 103, 110, 111, 118, 124, 125, 127, 182, 184, 185, 192, 198, 199, 201], "excluded_lines": [], "functions": {"register": {"executed_lines": [47, 48], "summary": {"covered_lines": 2, "num_statements": 14, "percent_covered": 14.285714285714286, "percent_covered_display": "14", "missing_lines": 12, "excluded_lines": 0, "percent_statements_covered": 14.285714285714286, "percent_statements_covered_display": "14"}, "missing_lines": [49, 51, 52, 58, 61, 68, 69, 70, 73, 79, 80, 82], "excluded_lines": [], "start_line": 40}, "login": {"executed_lines": [97, 98], "summary": {"covered_lines": 2, "num_statements": 11, "percent_covered": 18.181818181818183, "percent_covered_display": "18", "missing_lines": 9, "excluded_lines": 0, "percent_statements_covered": 18.181818181818183, "percent_statements_covered_display": "18"}, "missing_lines": [99, 102, 103, 110, 111, 118, 124, 125, 127], "excluded_lines": [], "start_line": 90}, "refresh": {"executed_lines": [147, 149, 150, 157, 158, 159, 160, 161, 162, 169, 170, 177, 179, 180, 181], "summary": {"covered_lines": 15, "num_statements": 22, "percent_covered": 68.18181818181819, "percent_covered_display": "68", "missing_lines": 7, "excluded_lines": 0, "percent_statements_covered": 68.18181818181819, "percent_statements_covered_display": "68"}, "missing_lines": [182, 184, 185, 192, 198, 199, 201], "excluded_lines": [], "start_line": 135}, "logout": {"executed_lines": [216, 219, 222, 223, 226, 228, 229, 230, 232, 235, 236, 237, 238, 240, 242], "summary": {"covered_lines": 15, "num_statements": 15, "percent_covered": 100.0, "percent_covered_display": "100", "missing_lines": 0, "excluded_lines": 0, "percent_statements_covered": 100.0, "percent_statements_covered_display": "100"}, "missing_lines": [], "excluded_lines": [], "start_line": 205}, "get_current_user_profile": {"executed_lines": [255], "summary": {"covered_lines": 1, "num_statements": 1, "percent_covered": 100.0, "percent_covered_display": "100", "missing_lines": 0, "excluded_lines": 0, "percent_statements_covered": 100.0, "percent_statements_covered_display": "100"}, "missing_lines": [], "excluded_lines": [], "start_line": 246}, "": {"executed_lines": [5, 6, 8, 9, 10, 11, 13, 14, 15, 16, 23, 24, 32, 34, 36, 39, 40, 89, 90, 134, 135, 204, 205, 245, 246], "summary": {"covered_lines": 25, "num_statements": 25, "percent_covered": 100.0, "percent_covered_display": "100", "missing_lines": 0, "excluded_lines": 0, "percent_statements_covered": 100.0, "percent_statements_covered_display": "100"}, "missing_lines": [], "excluded_lines": [], "start_line": 1}}, "classes": {"": {"executed_lines": [5, 6, 8, 9, 10, 11, 13, 14, 15, 16, 23, 24, 32, 34, 36, 39, 40, 47, 48, 89, 90, 97, 98, 134, 135, 147, 149, 150, 157, 158, 159, 160, 161, 162, 169, 170, 177, 179, 180, 181, 204, 205, 216, 219, 222, 223, 226, 228, 229, 230, 232, 235, 236, 237, 238, 240, 242, 245, 246, 255], "summary": {"covered_lines": 60, "num_statements": 88, "percent_covered": 68.18181818181819, "percent_covered_display": "68", "missing_lines": 28, "excluded_lines": 0, "percent_statements_covered": 68.18181818181819, "percent_statements_covered_display": "68"}, "missing_lines": [49, 51, 52, 58, 61, 68, 69, 70, 73, 79, 80, 82, 99, 102, 103, 110, 111, 118, 124, 125, 127, 182, 184, 185, 192, 198, 199, 201], "excluded_lines": [], "start_line": 1}}}, "app/api/v1/endpoints/corrections.py": {"executed_lines": [26, 27, 29, 30, 32, 33, 34, 35, 36, 50, 56, 59, 62, 67, 75, 84, 98, 100, 101, 135, 142, 154, 157, 163, 175, 183, 220, 222, 229, 242, 250, 279, 281, 287, 313, 320, 334, 335, 340, 347, 355, 382, 389, 398, 399, 415, 423, 464, 472, 513, 522], "summary": {"covered_lines": 51, "num_statements": 96, "percent_covered": 53.125, "percent_covered_display": "53", "missing_lines": 45, "excluded_lines": 0, "percent_statements_covered": 53.125, "percent_statements_covered_display": "53"}, "missing_lines": [109, 111, 122, 123, 160, 161, 302, 367, 368, 370, 401, 402, 407, 437, 439, 440, 445, 447, 448, 452, 453, 457, 458, 486, 488, 489, 494, 496, 497, 501, 502, 506, 507, 542, 544, 545, 551, 553, 554, 558, 559, 563, 564, 568, 569], "excluded_lines": [], "functions": {"submit_correction": {"executed_lines": [98, 100, 101], "summary": {"covered_lines": 3, "num_statements": 7, "percent_covered": 42.857142857142854, "percent_covered_display": "43", "missing_lines": 4, "excluded_lines": 0, "percent_statements_covered": 42.857142857142854, "percent_statements_covered_display": "43"}, "missing_lines": [109, 111, 122, 123], "excluded_lines": [], "start_line": 84}, "list_pending_corrections": {"executed_lines": [154, 157, 163], "summary": {"covered_lines": 3, "num_statements": 5, "percent_covered": 60.0, "percent_covered_display": "60", "missing_lines": 2, "excluded_lines": 0, "percent_statements_covered": 60.0, "percent_statements_covered_display": "60"}, "missing_lines": [160, 161], "excluded_lines": [], "start_line": 142}, "list_all_corrections": {"executed_lines": [220, 222, 229], "summary": {"covered_lines": 3, "num_statements": 3, "percent_covered": 100.0, "percent_covered_display": "100", "missing_lines": 0, "excluded_lines": 0, "percent_statements_covered": 100.0, "percent_statements_covered_display": "100"}, "missing_lines": [], "excluded_lines": [], "start_line": 183}, "get_public_corrections_log": {"executed_lines": [279, 281, 287], "summary": {"covered_lines": 3, "num_statements": 4, "percent_covered": 75.0, "percent_covered_display": "75", "missing_lines": 1, "excluded_lines": 0, "percent_statements_covered": 75.0, "percent_statements_covered_display": "75"}, "missing_lines": [302], "excluded_lines": [], "start_line": 250}, "get_corrections_for_fact_check": {"executed_lines": [334, 335, 340], "summary": {"covered_lines": 3, "num_statements": 3, "percent_covered": 100.0, "percent_covered_display": "100", "missing_lines": 0, "excluded_lines": 0, "percent_statements_covered": 100.0, "percent_statements_covered_display": "100"}, "missing_lines": [], "excluded_lines": [], "start_line": 320}, "get_correction_history": {"executed_lines": [], "summary": {"covered_lines": 0, "num_statements": 3, "percent_covered": 0.0, "percent_covered_display": "0", "missing_lines": 3, "excluded_lines": 0, "percent_statements_covered": 0.0, "percent_statements_covered_display": "0"}, "missing_lines": [367, 368, 370], "excluded_lines": [], "start_line": 355}, "get_correction": {"executed_lines": [398, 399], "summary": {"covered_lines": 2, "num_statements": 5, "percent_covered": 40.0, "percent_covered_display": "40", "missing_lines": 3, "excluded_lines": 0, "percent_statements_covered": 40.0, "percent_statements_covered_display": "40"}, "missing_lines": [401, 402, 407], "excluded_lines": [], "start_line": 389}, "accept_correction": {"executed_lines": [], "summary": {"covered_lines": 0, "num_statements": 10, "percent_covered": 0.0, "percent_covered_display": "0", "missing_lines": 10, "excluded_lines": 0, "percent_statements_covered": 0.0, "percent_statements_covered_display": "0"}, "missing_lines": [437, 439, 440, 445, 447, 448, 452, 453, 457, 458], "excluded_lines": [], "start_line": 423}, "reject_correction": {"executed_lines": [], "summary": {"covered_lines": 0, "num_statements": 10, "percent_covered": 0.0, "percent_covered_display": "0", "missing_lines": 10, "excluded_lines": 0, "percent_statements_covered": 0.0, "percent_statements_covered_display": "0"}, "missing_lines": [486, 488, 489, 494, 496, 497, 501, 502, 506, 507], "excluded_lines": [], "start_line": 472}, "apply_correction": {"executed_lines": [], "summary": {"covered_lines": 0, "num_statements": 12, "percent_covered": 0.0, "percent_covered_display": "0", "missing_lines": 12, "excluded_lines": 0, "percent_statements_covered": 0.0, "percent_statements_covered_display": "0"}, "missing_lines": [542, 544, 545, 551, 553, 554, 558, 559, 563, 564, 568, 569], "excluded_lines": [], "start_line": 522}, "": {"executed_lines": [26, 27, 29, 30, 32, 33, 34, 35, 36, 50, 56, 59, 62, 67, 75, 84, 135, 142, 175, 183, 242, 250, 313, 320, 347, 355, 382, 389, 415, 423, 464, 472, 513, 522], "summary": {"covered_lines": 34, "num_statements": 34, "percent_covered": 100.0, "percent_covered_display": "100", "missing_lines": 0, "excluded_lines": 0, "percent_statements_covered": 100.0, "percent_statements_covered_display": "100"}, "missing_lines": [], "excluded_lines": [], "start_line": 1}}, "classes": {"": {"executed_lines": [26, 27, 29, 30, 32, 33, 34, 35, 36, 50, 56, 59, 62, 67, 75, 84, 98, 100, 101, 135, 142, 154, 157, 163, 175, 183, 220, 222, 229, 242, 250, 279, 281, 287, 313, 320, 334, 335, 340, 347, 355, 382, 389, 398, 399, 415, 423, 464, 472, 513, 522], "summary": {"covered_lines": 51, "num_statements": 96, "percent_covered": 53.125, "percent_covered_display": "53", "missing_lines": 45, "excluded_lines": 0, "percent_statements_covered": 53.125, "percent_statements_covered_display": "53"}, "missing_lines": [109, 111, 122, 123, 160, 161, 302, 367, 368, 370, 401, 402, 407, 437, 439, 440, 445, 447, 448, 452, 453, 457, 458, 486, 488, 489, 494, 496, 497, 501, 502, 506, 507, 542, 544, 545, 551, 553, 554, 558, 559, 563, 564, 568, 569], "excluded_lines": [], "start_line": 1}}}, "app/api/v1/endpoints/drafts.py": {"executed_lines": [13, 15, 16, 18, 19, 20, 21, 22, 30, 33, 51, 63, 64, 87, 103, 114, 115], "summary": {"covered_lines": 17, "num_statements": 27, "percent_covered": 62.96296296296296, "percent_covered_display": "63", "missing_lines": 10, "excluded_lines": 0, "percent_statements_covered": 62.96296296296296, "percent_statements_covered_display": "63"}, "missing_lines": [70, 71, 75, 76, 80, 81, 120, 121, 125, 126], "excluded_lines": [], "functions": {"update_draft": {"executed_lines": [63, 64], "summary": {"covered_lines": 2, "num_statements": 8, "percent_covered": 25.0, "percent_covered_display": "25", "missing_lines": 6, "excluded_lines": 0, "percent_statements_covered": 25.0, "percent_statements_covered_display": "25"}, "missing_lines": [70, 71, 75, 76, 80, 81], "excluded_lines": [], "start_line": 51}, "retrieve_draft": {"executed_lines": [114, 115], "summary": {"covered_lines": 2, "num_statements": 6, "percent_covered": 33.333333333333336, "percent_covered_display": "33", "missing_lines": 4, "excluded_lines": 0, "percent_statements_covered": 33.333333333333336, "percent_statements_covered_display": "33"}, "missing_lines": [120, 121, 125, 126], "excluded_lines": [], "start_line": 103}, "": {"executed_lines": [13, 15, 16, 18, 19, 20, 21, 22, 30, 33, 51, 87, 103], "summary": {"covered_lines": 13, "num_statements": 13, "percent_covered": 100.0, "percent_covered_display": "100", "missing_lines": 0, "excluded_lines": 0, "percent_statements_covered": 100.0, "percent_statements_covered_display": "100"}, "missing_lines": [], "excluded_lines": [], "start_line": 1}}, "classes": {"": {"executed_lines": [13, 15, 16, 18, 19, 20, 21, 22, 30, 33, 51, 63, 64, 87, 103, 114, 115], "summary": {"covered_lines": 17, "num_statements": 27, "percent_covered": 62.96296296296296, "percent_covered_display": "63", "missing_lines": 10, "excluded_lines": 0, "percent_statements_covered": 62.96296296296296, "percent_statements_covered_display": "63"}, "missing_lines": [70, 71, 75, 76, 80, 81, 120, 121, 125, 126], "excluded_lines": [], "start_line": 1}}}, "app/api/v1/endpoints/email_templates.py": {"executed_lines": [8, 10, 11, 13, 14, 15, 16, 17, 24, 26, 29, 30, 49, 50, 71, 72, 104, 105, 137, 138, 157, 158], "summary": {"covered_lines": 22, "num_statements": 53, "percent_covered": 41.509433962264154, "percent_covered_display": "42", "missing_lines": 31, "excluded_lines": 0, "percent_statements_covered": 41.509433962264154, "percent_statements_covered_display": "42"}, "missing_lines": [44, 45, 46, 59, 60, 62, 63, 68, 81, 83, 84, 98, 100, 101, 115, 117, 118, 131, 133, 134, 149, 151, 152, 153, 154, 169, 171, 172, 179, 183, 184], "excluded_lines": [], "functions": {"list_templates": {"executed_lines": [], "summary": {"covered_lines": 0, "num_statements": 3, "percent_covered": 0.0, "percent_covered_display": "0", "missing_lines": 3, "excluded_lines": 0, "percent_statements_covered": 0.0, "percent_statements_covered_display": "0"}, "missing_lines": [44, 45, 46], "excluded_lines": [], "start_line": 30}, "get_template": {"executed_lines": [], "summary": {"covered_lines": 0, "num_statements": 5, "percent_covered": 0.0, "percent_covered_display": "0", "missing_lines": 5, "excluded_lines": 0, "percent_statements_covered": 0.0, "percent_statements_covered_display": "0"}, "missing_lines": [59, 60, 62, 63, 68], "excluded_lines": [], "start_line": 50}, "create_template": {"executed_lines": [], "summary": {"covered_lines": 0, "num_statements": 6, "percent_covered": 0.0, "percent_covered_display": "0", "missing_lines": 6, "excluded_lines": 0, "percent_statements_covered": 0.0, "percent_statements_covered_display": "0"}, "missing_lines": [81, 83, 84, 98, 100, 101], "excluded_lines": [], "start_line": 72}, "update_template": {"executed_lines": [], "summary": {"covered_lines": 0, "num_statements": 6, "percent_covered": 0.0, "percent_covered_display": "0", "missing_lines": 6, "excluded_lines": 0, "percent_statements_covered": 0.0, "percent_statements_covered_display": "0"}, "missing_lines": [115, 117, 118, 131, 133, 134], "excluded_lines": [], "start_line": 105}, "deactivate_template": {"executed_lines": [], "summary": {"covered_lines": 0, "num_statements": 5, "percent_covered": 0.0, "percent_covered_display": "0", "missing_lines": 5, "excluded_lines": 0, "percent_statements_covered": 0.0, "percent_statements_covered_display": "0"}, "missing_lines": [149, 151, 152, 153, 154], "excluded_lines": [], "start_line": 138}, "render_template": {"executed_lines": [], "summary": {"covered_lines": 0, "num_statements": 6, "percent_covered": 0.0, "percent_covered_display": "0", "missing_lines": 6, "excluded_lines": 0, "percent_statements_covered": 0.0, "percent_statements_covered_display": "0"}, "missing_lines": [169, 171, 172, 179, 183, 184], "excluded_lines": [], "start_line": 158}, "": {"executed_lines": [8, 10, 11, 13, 14, 15, 16, 17, 24, 26, 29, 30, 49, 50, 71, 72, 104, 105, 137, 138, 157, 158], "summary": {"covered_lines": 22, "num_statements": 22, "percent_covered": 100.0, "percent_covered_display": "100", "missing_lines": 0, "excluded_lines": 0, "percent_statements_covered": 100.0, "percent_statements_covered_display": "100"}, "missing_lines": [], "excluded_lines": [], "start_line": 1}}, "classes": {"": {"executed_lines": [8, 10, 11, 13, 14, 15, 16, 17, 24, 26, 29, 30, 49, 50, 71, 72, 104, 105, 137, 138, 157, 158], "summary": {"covered_lines": 22, "num_statements": 53, "percent_covered": 41.509433962264154, "percent_covered_display": "42", "missing_lines": 31, "excluded_lines": 0, "percent_statements_covered": 41.509433962264154, "percent_statements_covered_display": "42"}, "missing_lines": [44, 45, 46, 59, 60, 62, 63, 68, 81, 83, 84, 98, 100, 101, 115, 117, 118, 131, 133, 134, 149, 151, 152, 153, 154, 169, 171, 172, 179, 183, 184], "excluded_lines": [], "start_line": 1}}}, "app/api/v1/endpoints/health.py": {"executed_lines": [7, 9, 11, 14, 15, 29], "summary": {"covered_lines": 6, "num_statements": 6, "percent_covered": 100.0, "percent_covered_display": "100", "missing_lines": 0, "excluded_lines": 0, "percent_statements_covered": 100.0, "percent_statements_covered_display": "100"}, "missing_lines": [], "excluded_lines": [], "functions": {"health_check": {"executed_lines": [29], "summary": {"covered_lines": 1, "num_statements": 1, "percent_covered": 100.0, "percent_covered_display": "100", "missing_lines": 0, "excluded_lines": 0, "percent_statements_covered": 100.0, "percent_statements_covered_display": "100"}, "missing_lines": [], "excluded_lines": [], "start_line": 15}, "": {"executed_lines": [7, 9, 11, 14, 15], "summary": {"covered_lines": 5, "num_statements": 5, "percent_covered": 100.0, "percent_covered_display": "100", "missing_lines": 0, "excluded_lines": 0, "percent_statements_covered": 100.0, "percent_statements_covered_display": "100"}, "missing_lines": [], "excluded_lines": [], "start_line": 1}}, "classes": {"": {"executed_lines": [7, 9, 11, 14, 15, 29], "summary": {"covered_lines": 6, "num_statements": 6, "percent_covered": 100.0, "percent_covered_display": "100", "missing_lines": 0, "excluded_lines": 0, "percent_statements_covered": 100.0, "percent_statements_covered_display": "100"}, "missing_lines": [], "excluded_lines": [], "start_line": 1}}}, "app/api/v1/endpoints/peer_review.py": {"executed_lines": [17, 19, 20, 21, 23, 24, 25, 26, 27, 28, 40, 45, 53, 60, 72, 78, 80, 81, 91, 103, 109, 121, 123, 124, 144, 150, 167, 169, 176, 194, 200, 210, 217, 220, 232, 238, 252, 254, 255, 257, 259, 262, 268, 274, 286, 287], "summary": {"covered_lines": 46, "num_statements": 67, "percent_covered": 68.65671641791045, "percent_covered_display": "69", "missing_lines": 21, "excluded_lines": 0, "percent_statements_covered": 68.65671641791045, "percent_statements_covered_display": "69"}, "missing_lines": [73, 85, 86, 130, 131, 136, 174, 218, 260, 288, 290, 291, 297, 298, 300, 301, 303, 304, 306, 307, 309], "excluded_lines": [], "functions": {"initiate_peer_review": {"executed_lines": [72, 78, 80, 81, 91], "summary": {"covered_lines": 5, "num_statements": 8, "percent_covered": 62.5, "percent_covered_display": "62", "missing_lines": 3, "excluded_lines": 0, "percent_statements_covered": 62.5, "percent_statements_covered_display": "62"}, "missing_lines": [73, 85, 86], "excluded_lines": [], "start_line": 60}, "submit_peer_review": {"executed_lines": [121, 123, 124], "summary": {"covered_lines": 3, "num_statements": 6, "percent_covered": 50.0, "percent_covered_display": "50", "missing_lines": 3, "excluded_lines": 0, "percent_statements_covered": 50.0, "percent_statements_covered_display": "50"}, "missing_lines": [130, 131, 136], "excluded_lines": [], "start_line": 109}, "get_peer_review_status": {"executed_lines": [167, 169, 176], "summary": {"covered_lines": 3, "num_statements": 4, "percent_covered": 75.0, "percent_covered_display": "75", "missing_lines": 1, "excluded_lines": 0, "percent_statements_covered": 75.0, "percent_statements_covered_display": "75"}, "missing_lines": [174], "excluded_lines": [], "start_line": 150}, "get_pending_reviews": {"executed_lines": [210, 217, 220], "summary": {"covered_lines": 3, "num_statements": 4, "percent_covered": 75.0, "percent_covered_display": "75", "missing_lines": 1, "excluded_lines": 0, "percent_statements_covered": 75.0, "percent_statements_covered_display": "75"}, "missing_lines": [218], "excluded_lines": [], "start_line": 200}, "get_triggers": {"executed_lines": [252, 254, 255, 257, 259, 262], "summary": {"covered_lines": 6, "num_statements": 7, "percent_covered": 85.71428571428571, "percent_covered_display": "86", "missing_lines": 1, "excluded_lines": 0, "percent_statements_covered": 85.71428571428571, "percent_statements_covered_display": "86"}, "missing_lines": [260], "excluded_lines": [], "start_line": 238}, "update_trigger": {"executed_lines": [286, 287], "summary": {"covered_lines": 2, "num_statements": 14, "percent_covered": 14.285714285714286, "percent_covered_display": "14", "missing_lines": 12, "excluded_lines": 0, "percent_statements_covered": 14.285714285714286, "percent_statements_covered_display": "14"}, "missing_lines": [288, 290, 291, 297, 298, 300, 301, 303, 304, 306, 307, 309], "excluded_lines": [], "start_line": 274}, "": {"executed_lines": [17, 19, 20, 21, 23, 24, 25, 26, 27, 28, 40, 45, 53, 60, 103, 109, 144, 150, 194, 200, 232, 238, 268, 274], "summary": {"covered_lines": 24, "num_statements": 24, "percent_covered": 100.0, "percent_covered_display": "100", "missing_lines": 0, "excluded_lines": 0, "percent_statements_covered": 100.0, "percent_statements_covered_display": "100"}, "missing_lines": [], "excluded_lines": [], "start_line": 1}}, "classes": {"": {"executed_lines": [17, 19, 20, 21, 23, 24, 25, 26, 27, 28, 40, 45, 53, 60, 72, 78, 80, 81, 91, 103, 109, 121, 123, 124, 144, 150, 167, 169, 176, 194, 200, 210, 217, 220, 232, 238, 252, 254, 255, 257, 259, 262, 268, 274, 286, 287], "summary": {"covered_lines": 46, "num_statements": 67, "percent_covered": 68.65671641791045, "percent_covered_display": "69", "missing_lines": 21, "excluded_lines": 0, "percent_statements_covered": 68.65671641791045, "percent_statements_covered_display": "69"}, "missing_lines": [73, 85, 86, 130, 131, 136, 174, 218, 260, 288, 290, 291, 297, 298, 300, 301, 303, 304, 306, 307, 309], "excluded_lines": [], "start_line": 1}}}, "app/api/v1/endpoints/ratings.py": {"executed_lines": [15, 16, 18, 19, 20, 21, 23, 24, 25, 26, 27, 33, 41, 45, 126, 129, 130, 131, 132, 133, 134, 135, 137, 140, 143, 144, 147, 155, 165, 167, 169, 172, 195, 202, 210, 211, 215, 223, 235, 236, 256, 263, 273, 274, 282, 289], "summary": {"covered_lines": 46, "num_statements": 65, "percent_covered": 70.76923076923077, "percent_covered_display": "71", "missing_lines": 19, "excluded_lines": 0, "percent_statements_covered": 70.76923076923077, "percent_statements_covered_display": "71"}, "missing_lines": [173, 175, 176, 184, 185, 187, 189, 212, 242, 244, 245, 249, 250, 275, 276, 299, 300, 301, 302], "excluded_lines": [], "functions": {"seed_rating_definitions": {"executed_lines": [165, 167, 169, 172], "summary": {"covered_lines": 4, "num_statements": 11, "percent_covered": 36.36363636363637, "percent_covered_display": "36", "missing_lines": 7, "excluded_lines": 0, "percent_statements_covered": 36.36363636363637, "percent_statements_covered_display": "36"}, "missing_lines": [173, 175, 176, 184, 185, 187, 189], "excluded_lines": [], "start_line": 155}, "get_rating_definitions": {"executed_lines": [210, 211], "summary": {"covered_lines": 2, "num_statements": 3, "percent_covered": 66.66666666666667, "percent_covered_display": "67", "missing_lines": 1, "excluded_lines": 0, "percent_statements_covered": 66.66666666666667, "percent_statements_covered_display": "67"}, "missing_lines": [212], "excluded_lines": [], "start_line": 202}, "create_fact_check_rating": {"executed_lines": [235, 236], "summary": {"covered_lines": 2, "num_statements": 7, "percent_covered": 28.571428571428573, "percent_covered_display": "29", "missing_lines": 5, "excluded_lines": 0, "percent_statements_covered": 28.571428571428573, "percent_statements_covered_display": "29"}, "missing_lines": [242, 244, 245, 249, 250], "excluded_lines": [], "start_line": 223}, "get_fact_check_ratings": {"executed_lines": [273, 274], "summary": {"covered_lines": 2, "num_statements": 4, "percent_covered": 50.0, "percent_covered_display": "50", "missing_lines": 2, "excluded_lines": 0, "percent_statements_covered": 50.0, "percent_statements_covered_display": "50"}, "missing_lines": [275, 276], "excluded_lines": [], "start_line": 263}, "get_current_fact_check_rating": {"executed_lines": [], "summary": {"covered_lines": 0, "num_statements": 4, "percent_covered": 0.0, "percent_covered_display": "0", "missing_lines": 4, "excluded_lines": 0, "percent_statements_covered": 0.0, "percent_statements_covered_display": "0"}, "missing_lines": [299, 300, 301, 302], "excluded_lines": [], "start_line": 289}, "": {"executed_lines": [15, 16, 18, 19, 20, 21, 23, 24, 25, 26, 27, 33, 41, 45, 126, 129, 130, 131, 132, 133, 134, 135, 137, 140, 143, 144, 147, 155, 195, 202, 215, 223, 256, 263, 282, 289], "summary": {"covered_lines": 36, "num_statements": 36, "percent_covered": 100.0, "percent_covered_display": "100", "missing_lines": 0, "excluded_lines": 0, "percent_statements_covered": 100.0, "percent_statements_covered_display": "100"}, "missing_lines": [], "excluded_lines": [], "start_line": 1}}, "classes": {"RatingDefinitionResponse": {"executed_lines": [], "summary": {"covered_lines": 0, "num_statements": 0, "percent_covered": 100.0, "percent_covered_display": "100", "missing_lines": 0, "excluded_lines": 0, "percent_statements_covered": 100.0, "percent_statements_covered_display": "100"}, "missing_lines": [], "excluded_lines": [], "start_line": 126}, "SeedResponse": {"executed_lines": [], "summary": {"covered_lines": 0, "num_statements": 0, "percent_covered": 100.0, "percent_covered_display": "100", "missing_lines": 0, "excluded_lines": 0, "percent_statements_covered": 100.0, "percent_statements_covered_display": "100"}, "missing_lines": [], "excluded_lines": [], "start_line": 140}, "": {"executed_lines": [15, 16, 18, 19, 20, 21, 23, 24, 25, 26, 27, 33, 41, 45, 126, 129, 130, 131, 132, 133, 134, 135, 137, 140, 143, 144, 147, 155, 165, 167, 169, 172, 195, 202, 210, 211, 215, 223, 235, 236, 256, 263, 273, 274, 282, 289], "summary": {"covered_lines": 46, "num_statements": 65, "percent_covered": 70.76923076923077, "percent_covered_display": "71", "missing_lines": 19, "excluded_lines": 0, "percent_statements_covered": 70.76923076923077, "percent_statements_covered_display": "71"}, "missing_lines": [173, 175, 176, 184, 185, 187, 189, 212, 242, 244, 245, 249, 250, 275, 276, 299, 300, 301, 302], "excluded_lines": [], "start_line": 1}}}, "app/api/v1/endpoints/reviewer_assignments.py": {"executed_lines": [5, 6, 8, 9, 10, 11, 13, 14, 15, 16, 17, 18, 25, 28, 31, 32, 34, 35, 41, 44, 46, 51, 52, 53, 56, 59, 61, 62, 63, 64, 67, 70, 72, 81, 82, 92, 93, 99, 107, 158, 165, 166, 224, 225], "summary": {"covered_lines": 44, "num_statements": 89, "percent_covered": 49.438202247191015, "percent_covered_display": "49", "missing_lines": 45, "excluded_lines": 0, "percent_statements_covered": 49.438202247191015, "percent_statements_covered_display": "49"}, "missing_lines": [102, 110, 111, 113, 114, 120, 123, 124, 130, 131, 135, 138, 139, 142, 144, 147, 148, 155, 162, 176, 177, 183, 186, 194, 196, 197, 202, 203, 206, 211, 212, 216, 238, 241, 242, 245, 246, 247, 253, 256, 257, 263, 268, 271, 272], "excluded_lines": [], "functions": {"_user_has_permission": {"executed_lines": [31, 32, 34, 35, 41], "summary": {"covered_lines": 5, "num_statements": 5, "percent_covered": 100.0, "percent_covered_display": "100", "missing_lines": 0, "excluded_lines": 0, "percent_statements_covered": 100.0, "percent_statements_covered_display": "100"}, "missing_lines": [], "excluded_lines": [], "start_line": 28}, "_get_submission_or_404": {"executed_lines": [46, 51, 52, 53, 56], "summary": {"covered_lines": 5, "num_statements": 5, "percent_covered": 100.0, "percent_covered_display": "100", "missing_lines": 0, "excluded_lines": 0, "percent_statements_covered": 100.0, "percent_statements_covered_display": "100"}, "missing_lines": [], "excluded_lines": [], "start_line": 44}, "_get_user_or_404": {"executed_lines": [61, 62, 63, 64, 67], "summary": {"covered_lines": 5, "num_statements": 5, "percent_covered": 100.0, "percent_covered_display": "100", "missing_lines": 0, "excluded_lines": 0, "percent_statements_covered": 100.0, "percent_statements_covered_display": "100"}, "missing_lines": [], "excluded_lines": [], "start_line": 59}, "_format_reviewer_info": {"executed_lines": [72], "summary": {"covered_lines": 1, "num_statements": 1, "percent_covered": 100.0, "percent_covered_display": "100", "missing_lines": 0, "excluded_lines": 0, "percent_statements_covered": 100.0, "percent_statements_covered_display": "100"}, "missing_lines": [], "excluded_lines": [], "start_line": 70}, "assign_reviewers": {"executed_lines": [92, 93, 99, 107, 158], "summary": {"covered_lines": 5, "num_statements": 24, "percent_covered": 20.833333333333332, "percent_covered_display": "21", "missing_lines": 19, "excluded_lines": 0, "percent_statements_covered": 20.833333333333332, "percent_statements_covered_display": "21"}, "missing_lines": [102, 110, 111, 113, 114, 120, 123, 124, 130, 131, 135, 138, 139, 142, 144, 147, 148, 155, 162], "excluded_lines": [], "start_line": 82}, "remove_reviewer": {"executed_lines": [], "summary": {"covered_lines": 0, "num_statements": 13, "percent_covered": 0.0, "percent_covered_display": "0", "missing_lines": 13, "excluded_lines": 0, "percent_statements_covered": 0.0, "percent_statements_covered_display": "0"}, "missing_lines": [176, 177, 183, 186, 194, 196, 197, 202, 203, 206, 211, 212, 216], "excluded_lines": [], "start_line": 166}, "get_reviewers": {"executed_lines": [], "summary": {"covered_lines": 0, "num_statements": 13, "percent_covered": 0.0, "percent_covered_display": "0", "missing_lines": 13, "excluded_lines": 0, "percent_statements_covered": 0.0, "percent_statements_covered_display": "0"}, "missing_lines": [238, 241, 242, 245, 246, 247, 253, 256, 257, 263, 268, 271, 272], "excluded_lines": [], "start_line": 225}, "": {"executed_lines": [5, 6, 8, 9, 10, 11, 13, 14, 15, 16, 17, 18, 25, 28, 44, 59, 70, 81, 82, 165, 166, 224, 225], "summary": {"covered_lines": 23, "num_statements": 23, "percent_covered": 100.0, "percent_covered_display": "100", "missing_lines": 0, "excluded_lines": 0, "percent_statements_covered": 100.0, "percent_statements_covered_display": "100"}, "missing_lines": [], "excluded_lines": [], "start_line": 1}}, "classes": {"": {"executed_lines": [5, 6, 8, 9, 10, 11, 13, 14, 15, 16, 17, 18, 25, 28, 31, 32, 34, 35, 41, 44, 46, 51, 52, 53, 56, 59, 61, 62, 63, 64, 67, 70, 72, 81, 82, 92, 93, 99, 107, 158, 165, 166, 224, 225], "summary": {"covered_lines": 44, "num_statements": 89, "percent_covered": 49.438202247191015, "percent_covered_display": "49", "missing_lines": 45, "excluded_lines": 0, "percent_statements_covered": 49.438202247191015, "percent_statements_covered_display": "49"}, "missing_lines": [102, 110, 111, 113, 114, 120, 123, 124, 130, 131, 135, 138, 139, 142, 144, 147, 148, 155, 162, 176, 177, 183, 186, 194, 196, 197, 202, 203, 206, 211, 212, 216, 238, 241, 242, 245, 246, 247, 253, 256, 257, 263, 268, 271, 272], "excluded_lines": [], "start_line": 1}}}, "app/api/v1/endpoints/rtbf.py": {"executed_lines": [17, 18, 20, 21, 23, 24, 25, 26, 27, 36, 38, 41, 48, 62, 63, 72, 78, 88, 89, 90, 93, 99, 115, 117, 130, 138, 144, 175, 181, 196, 198, 199, 212, 218, 234, 236, 237, 251, 257, 271, 273, 274, 284, 290, 300, 302, 303], "summary": {"covered_lines": 47, "num_statements": 72, "percent_covered": 65.27777777777777, "percent_covered_display": "65", "missing_lines": 25, "excluded_lines": 0, "percent_statements_covered": 65.27777777777777, "percent_statements_covered_display": "65"}, "missing_lines": [69, 124, 125, 127, 128, 155, 156, 158, 159, 165, 166, 167, 172, 203, 204, 209, 242, 243, 248, 275, 276, 281, 304, 305, 310], "excluded_lines": [], "functions": {"create_rtbf_request": {"executed_lines": [62, 63], "summary": {"covered_lines": 2, "num_statements": 3, "percent_covered": 66.66666666666667, "percent_covered_display": "67", "missing_lines": 1, "excluded_lines": 0, "percent_statements_covered": 66.66666666666667, "percent_statements_covered_display": "67"}, "missing_lines": [69], "excluded_lines": [], "start_line": 48}, "get_my_rtbf_requests": {"executed_lines": [88, 89, 90], "summary": {"covered_lines": 3, "num_statements": 3, "percent_covered": 100.0, "percent_covered_display": "100", "missing_lines": 0, "excluded_lines": 0, "percent_statements_covered": 100.0, "percent_statements_covered_display": "100"}, "missing_lines": [], "excluded_lines": [], "start_line": 78}, "list_rtbf_requests": {"executed_lines": [115, 117, 130], "summary": {"covered_lines": 3, "num_statements": 7, "percent_covered": 42.857142857142854, "percent_covered_display": "43", "missing_lines": 4, "excluded_lines": 0, "percent_statements_covered": 42.857142857142854, "percent_statements_covered_display": "43"}, "missing_lines": [124, 125, 127, 128], "excluded_lines": [], "start_line": 99}, "get_rtbf_request": {"executed_lines": [], "summary": {"covered_lines": 0, "num_statements": 8, "percent_covered": 0.0, "percent_covered_display": "0", "missing_lines": 8, "excluded_lines": 0, "percent_statements_covered": 0.0, "percent_statements_covered_display": "0"}, "missing_lines": [155, 156, 158, 159, 165, 166, 167, 172], "excluded_lines": [], "start_line": 144}, "process_rtbf_request": {"executed_lines": [196, 198, 199], "summary": {"covered_lines": 3, "num_statements": 6, "percent_covered": 50.0, "percent_covered_display": "50", "missing_lines": 3, "excluded_lines": 0, "percent_statements_covered": 50.0, "percent_statements_covered_display": "50"}, "missing_lines": [203, 204, 209], "excluded_lines": [], "start_line": 181}, "reject_rtbf_request": {"executed_lines": [234, 236, 237], "summary": {"covered_lines": 3, "num_statements": 6, "percent_covered": 50.0, "percent_covered_display": "50", "missing_lines": 3, "excluded_lines": 0, "percent_statements_covered": 50.0, "percent_statements_covered_display": "50"}, "missing_lines": [242, 243, 248], "excluded_lines": [], "start_line": 218}, "export_my_data": {"executed_lines": [271, 273, 274], "summary": {"covered_lines": 3, "num_statements": 6, "percent_covered": 50.0, "percent_covered_display": "50", "missing_lines": 3, "excluded_lines": 0, "percent_statements_covered": 50.0, "percent_statements_covered_display": "50"}, "missing_lines": [275, 276, 281], "excluded_lines": [], "start_line": 257}, "get_my_data_summary": {"executed_lines": [300, 302, 303], "summary": {"covered_lines": 3, "num_statements": 6, "percent_covered": 50.0, "percent_covered_display": "50", "missing_lines": 3, "excluded_lines": 0, "percent_statements_covered": 50.0, "percent_statements_covered_display": "50"}, "missing_lines": [304, 305, 310], "excluded_lines": [], "start_line": 290}, "": {"executed_lines": [17, 18, 20, 21, 23, 24, 25, 26, 27, 36, 38, 41, 48, 72, 78, 93, 99, 138, 144, 175, 181, 212, 218, 251, 257, 284, 290], "summary": {"covered_lines": 27, "num_statements": 27, "percent_covered": 100.0, "percent_covered_display": "100", "missing_lines": 0, "excluded_lines": 0, "percent_statements_covered": 100.0, "percent_statements_covered_display": "100"}, "missing_lines": [], "excluded_lines": [], "start_line": 1}}, "classes": {"": {"executed_lines": [17, 18, 20, 21, 23, 24, 25, 26, 27, 36, 38, 41, 48, 62, 63, 72, 78, 88, 89, 90, 93, 99, 115, 117, 130, 138, 144, 175, 181, 196, 198, 199, 212, 218, 234, 236, 237, 251, 257, 271, 273, 274, 284, 290, 300, 302, 303], "summary": {"covered_lines": 47, "num_statements": 72, "percent_covered": 65.27777777777777, "percent_covered_display": "65", "missing_lines": 25, "excluded_lines": 0, "percent_statements_covered": 65.27777777777777, "percent_statements_covered_display": "65"}, "missing_lines": [69, 124, 125, 127, 128, 155, 156, 158, 159, 165, 166, 167, 172, 203, 204, 209, 242, 243, 248, 275, 276, 281, 304, 305, 310], "excluded_lines": [], "start_line": 1}}}, "app/api/v1/endpoints/sources.py": {"executed_lines": [21, 23, 24, 26, 27, 28, 29, 41, 45, 59, 67, 75, 88, 89, 94, 95, 104, 111, 121, 123, 130, 137, 151, 153, 169, 176, 185, 186, 195, 202, 214, 215, 224, 231, 242, 243, 256, 263, 273, 295, 302, 314, 315, 326, 333, 348, 352, 364, 372, 390, 393, 394, 395, 403, 404, 412, 423], "summary": {"covered_lines": 57, "num_statements": 88, "percent_covered": 64.77272727272727, "percent_covered_display": "65", "missing_lines": 31, "excluded_lines": 0, "percent_statements_covered": 64.77272727272727, "percent_statements_covered_display": "65"}, "missing_lines": [96, 97, 98, 162, 187, 188, 189, 216, 217, 218, 244, 245, 274, 276, 277, 279, 281, 316, 318, 396, 397, 405, 406, 413, 414, 415, 416, 417, 418, 419, 421], "excluded_lines": [], "functions": {"add_source": {"executed_lines": [88, 89, 94, 95], "summary": {"covered_lines": 4, "num_statements": 7, "percent_covered": 57.142857142857146, "percent_covered_display": "57", "missing_lines": 3, "excluded_lines": 0, "percent_statements_covered": 57.142857142857146, "percent_statements_covered_display": "57"}, "missing_lines": [96, 97, 98], "excluded_lines": [], "start_line": 75}, "list_sources": {"executed_lines": [121, 123], "summary": {"covered_lines": 2, "num_statements": 2, "percent_covered": 100.0, "percent_covered_display": "100", "missing_lines": 0, "excluded_lines": 0, "percent_statements_covered": 100.0, "percent_statements_covered_display": "100"}, "missing_lines": [], "excluded_lines": [], "start_line": 111}, "list_sources_with_citations": {"executed_lines": [151, 153], "summary": {"covered_lines": 2, "num_statements": 3, "percent_covered": 66.66666666666667, "percent_covered_display": "67", "missing_lines": 1, "excluded_lines": 0, "percent_statements_covered": 66.66666666666667, "percent_statements_covered_display": "67"}, "missing_lines": [162], "excluded_lines": [], "start_line": 137}, "get_single_source": {"executed_lines": [185, 186], "summary": {"covered_lines": 2, "num_statements": 5, "percent_covered": 40.0, "percent_covered_display": "40", "missing_lines": 3, "excluded_lines": 0, "percent_statements_covered": 40.0, "percent_statements_covered_display": "40"}, "missing_lines": [187, 188, 189], "excluded_lines": [], "start_line": 176}, "update_single_source": {"executed_lines": [214, 215], "summary": {"covered_lines": 2, "num_statements": 5, "percent_covered": 40.0, "percent_covered_display": "40", "missing_lines": 3, "excluded_lines": 0, "percent_statements_covered": 40.0, "percent_statements_covered_display": "40"}, "missing_lines": [216, 217, 218], "excluded_lines": [], "start_line": 202}, "delete_single_source": {"executed_lines": [242, 243], "summary": {"covered_lines": 2, "num_statements": 4, "percent_covered": 50.0, "percent_covered_display": "50", "missing_lines": 2, "excluded_lines": 0, "percent_statements_covered": 50.0, "percent_statements_covered_display": "50"}, "missing_lines": [244, 245], "excluded_lines": [], "start_line": 231}, "validate_sources": {"executed_lines": [273], "summary": {"covered_lines": 1, "num_statements": 6, "percent_covered": 16.666666666666668, "percent_covered_display": "17", "missing_lines": 5, "excluded_lines": 0, "percent_statements_covered": 16.666666666666668, "percent_statements_covered_display": "17"}, "missing_lines": [274, 276, 277, 279, 281], "excluded_lines": [], "start_line": 263}, "get_credibility_summary": {"executed_lines": [314, 315], "summary": {"covered_lines": 2, "num_statements": 4, "percent_covered": 50.0, "percent_covered_display": "50", "missing_lines": 2, "excluded_lines": 0, "percent_statements_covered": 50.0, "percent_statements_covered_display": "50"}, "missing_lines": [316, 318], "excluded_lines": [], "start_line": 302}, "get_high_credibility_sources": {"executed_lines": [348, 352], "summary": {"covered_lines": 2, "num_statements": 2, "percent_covered": 100.0, "percent_covered_display": "100", "missing_lines": 0, "excluded_lines": 0, "percent_statements_covered": 100.0, "percent_statements_covered_display": "100"}, "missing_lines": [], "excluded_lines": [], "start_line": 333}, "archive_source_url": {"executed_lines": [390, 393, 394, 395, 403, 404, 412, 423], "summary": {"covered_lines": 8, "num_statements": 20, "percent_covered": 40.0, "percent_covered_display": "40", "missing_lines": 12, "excluded_lines": 0, "percent_statements_covered": 40.0, "percent_statements_covered_display": "40"}, "missing_lines": [396, 397, 405, 406, 413, 414, 415, 416, 417, 418, 419, 421], "excluded_lines": [], "start_line": 372}, "": {"executed_lines": [21, 23, 24, 26, 27, 28, 29, 41, 45, 59, 67, 75, 104, 111, 130, 137, 169, 176, 195, 202, 224, 231, 256, 263, 295, 302, 326, 333, 364, 372], "summary": {"covered_lines": 30, "num_statements": 30, "percent_covered": 100.0, "percent_covered_display": "100", "missing_lines": 0, "excluded_lines": 0, "percent_statements_covered": 100.0, "percent_statements_covered_display": "100"}, "missing_lines": [], "excluded_lines": [], "start_line": 1}}, "classes": {"": {"executed_lines": [21, 23, 24, 26, 27, 28, 29, 41, 45, 59, 67, 75, 88, 89, 94, 95, 104, 111, 121, 123, 130, 137, 151, 153, 169, 176, 185, 186, 195, 202, 214, 215, 224, 231, 242, 243, 256, 263, 273, 295, 302, 314, 315, 326, 333, 348, 352, 364, 372, 390, 393, 394, 395, 403, 404, 412, 423], "summary": {"covered_lines": 57, "num_statements": 88, "percent_covered": 64.77272727272727, "percent_covered_display": "65", "missing_lines": 31, "excluded_lines": 0, "percent_statements_covered": 64.77272727272727, "percent_statements_covered_display": "65"}, "missing_lines": [96, 97, 98, 162, 187, 188, 189, 216, 217, 218, 244, 245, 274, 276, 277, 279, 281, 316, 318, 396, 397, 405, 406, 413, 414, 415, 416, 417, 418, 419, 421], "excluded_lines": [], "start_line": 1}}}, "app/api/v1/endpoints/submissions.py": {"executed_lines": [5, 6, 8, 9, 10, 11, 13, 14, 15, 16, 17, 18, 19, 20, 21, 27, 28, 29, 31, 34, 41, 54, 58, 65, 71, 86, 110, 116, 141, 152, 159, 233, 246, 266, 267, 273, 313, 319, 389, 395, 410, 411, 417, 442, 448, 466, 495], "summary": {"covered_lines": 47, "num_statements": 112, "percent_covered": 41.964285714285715, "percent_covered_display": "42", "missing_lines": 65, "excluded_lines": 0, "percent_statements_covered": 41.964285714285715, "percent_statements_covered_display": "42"}, "missing_lines": [57, 87, 88, 94, 95, 101, 102, 107, 178, 183, 186, 192, 193, 196, 201, 222, 225, 227, 228, 230, 274, 275, 281, 287, 289, 299, 306, 334, 335, 341, 342, 343, 349, 350, 351, 353, 354, 359, 360, 366, 367, 373, 375, 376, 380, 382, 418, 419, 425, 429, 430, 435, 467, 468, 474, 475, 478, 479, 480, 484, 485, 486, 488, 489, 494], "excluded_lines": [], "functions": {"create_submission": {"executed_lines": [54, 58], "summary": {"covered_lines": 2, "num_statements": 3, "percent_covered": 66.66666666666667, "percent_covered_display": "67", "missing_lines": 1, "excluded_lines": 0, "percent_statements_covered": 66.66666666666667, "percent_statements_covered_display": "67"}, "missing_lines": [57], "excluded_lines": [], "start_line": 41}, "get_submission": {"executed_lines": [86], "summary": {"covered_lines": 1, "num_statements": 8, "percent_covered": 12.5, "percent_covered_display": "12", "missing_lines": 7, "excluded_lines": 0, "percent_statements_covered": 12.5, "percent_statements_covered_display": "12"}, "missing_lines": [87, 88, 94, 95, 101, 102, 107], "excluded_lines": [], "start_line": 71}, "list_submissions": {"executed_lines": [141], "summary": {"covered_lines": 1, "num_statements": 1, "percent_covered": 100.0, "percent_covered_display": "100", "missing_lines": 0, "excluded_lines": 0, "percent_statements_covered": 100.0, "percent_statements_covered_display": "100"}, "missing_lines": [], "excluded_lines": [], "start_line": 116}, "create_spotlight_submission": {"executed_lines": [], "summary": {"covered_lines": 0, "num_statements": 12, "percent_covered": 0.0, "percent_covered_display": "0", "missing_lines": 12, "excluded_lines": 0, "percent_statements_covered": 0.0, "percent_statements_covered_display": "0"}, "missing_lines": [178, 183, 186, 192, 193, 196, 201, 222, 225, 227, 228, 230], "excluded_lines": [], "start_line": 159}, "self_assign_as_reviewer": {"executed_lines": [266, 267, 273], "summary": {"covered_lines": 3, "num_statements": 10, "percent_covered": 30.0, "percent_covered_display": "30", "missing_lines": 7, "excluded_lines": 0, "percent_statements_covered": 30.0, "percent_statements_covered_display": "30"}, "missing_lines": [274, 275, 281, 287, 289, 299, 306], "excluded_lines": [], "start_line": 246}, "assign_reviewer_to_submission": {"executed_lines": [], "summary": {"covered_lines": 0, "num_statements": 19, "percent_covered": 0.0, "percent_covered_display": "0", "missing_lines": 19, "excluded_lines": 0, "percent_statements_covered": 0.0, "percent_statements_covered_display": "0"}, "missing_lines": [334, 335, 341, 342, 343, 349, 350, 351, 353, 354, 359, 360, 366, 367, 373, 375, 376, 380, 382], "excluded_lines": [], "start_line": 319}, "remove_reviewer_from_submission": {"executed_lines": [410, 411, 417], "summary": {"covered_lines": 3, "num_statements": 9, "percent_covered": 33.333333333333336, "percent_covered_display": "33", "missing_lines": 6, "excluded_lines": 0, "percent_statements_covered": 33.333333333333336, "percent_statements_covered_display": "33"}, "missing_lines": [418, 419, 425, 429, 430, 435], "excluded_lines": [], "start_line": 395}, "get_submission_reviewers": {"executed_lines": [466, 495], "summary": {"covered_lines": 2, "num_statements": 15, "percent_covered": 13.333333333333334, "percent_covered_display": "13", "missing_lines": 13, "excluded_lines": 0, "percent_statements_covered": 13.333333333333334, "percent_statements_covered_display": "13"}, "missing_lines": [467, 468, 474, 475, 478, 479, 480, 484, 485, 486, 488, 489, 494], "excluded_lines": [], "start_line": 448}, "": {"executed_lines": [5, 6, 8, 9, 10, 11, 13, 14, 15, 16, 17, 18, 19, 20, 21, 27, 28, 29, 31, 34, 41, 65, 71, 110, 116, 152, 159, 233, 246, 313, 319, 389, 395, 442, 448], "summary": {"covered_lines": 35, "num_statements": 35, "percent_covered": 100.0, "percent_covered_display": "100", "missing_lines": 0, "excluded_lines": 0, "percent_statements_covered": 100.0, "percent_statements_covered_display": "100"}, "missing_lines": [], "excluded_lines": [], "start_line": 1}}, "classes": {"": {"executed_lines": [5, 6, 8, 9, 10, 11, 13, 14, 15, 16, 17, 18, 19, 20, 21, 27, 28, 29, 31, 34, 41, 54, 58, 65, 71, 86, 110, 116, 141, 152, 159, 233, 246, 266, 267, 273, 313, 319, 389, 395, 410, 411, 417, 442, 448, 466, 495], "summary": {"covered_lines": 47, "num_statements": 112, "percent_covered": 41.964285714285715, "percent_covered_display": "42", "missing_lines": 65, "excluded_lines": 0, "percent_statements_covered": 41.964285714285715, "percent_statements_covered_display": "42"}, "missing_lines": [57, 87, 88, 94, 95, 101, 102, 107, 178, 183, 186, 192, 193, 196, 201, 222, 225, 227, 228, 230, 274, 275, 281, 287, 289, 299, 306, 334, 335, 341, 342, 343, 349, 350, 351, 353, 354, 359, 360, 366, 367, 373, 375, 376, 380, 382, 418, 419, 425, 429, 430, 435, 467, 468, 474, 475, 478, 479, 480, 484, 485, 486, 488, 489, 494], "excluded_lines": [], "start_line": 1}}}, "app/api/v1/endpoints/transparency.py": {"executed_lines": [17, 18, 20, 21, 23, 24, 25, 26, 34, 36, 39, 46, 55, 56, 60, 67, 92, 103, 110, 136, 154, 161, 182, 190, 193, 200, 227, 244, 251, 275], "summary": {"covered_lines": 30, "num_statements": 51, "percent_covered": 58.8235294117647, "percent_covered_display": "59", "missing_lines": 21, "excluded_lines": 0, "percent_statements_covered": 58.8235294117647, "percent_statements_covered_display": "59"}, "missing_lines": [57, 94, 95, 100, 145, 146, 151, 183, 184, 189, 235, 236, 241, 277, 278, 284, 285, 286, 288, 289, 291], "excluded_lines": [], "functions": {"list_transparency_pages": {"executed_lines": [55, 56], "summary": {"covered_lines": 2, "num_statements": 3, "percent_covered": 66.66666666666667, "percent_covered_display": "67", "missing_lines": 1, "excluded_lines": 0, "percent_statements_covered": 66.66666666666667, "percent_statements_covered_display": "67"}, "missing_lines": [57], "excluded_lines": [], "start_line": 46}, "get_transparency_page": {"executed_lines": [92], "summary": {"covered_lines": 1, "num_statements": 4, "percent_covered": 25.0, "percent_covered_display": "25", "missing_lines": 3, "excluded_lines": 0, "percent_statements_covered": 25.0, "percent_statements_covered_display": "25"}, "missing_lines": [94, 95, 100], "excluded_lines": [], "start_line": 67}, "update_transparency_page": {"executed_lines": [136], "summary": {"covered_lines": 1, "num_statements": 4, "percent_covered": 25.0, "percent_covered_display": "25", "missing_lines": 3, "excluded_lines": 0, "percent_statements_covered": 25.0, "percent_statements_covered_display": "25"}, "missing_lines": [145, 146, 151], "excluded_lines": [], "start_line": 110}, "get_version_history": {"executed_lines": [182, 190], "summary": {"covered_lines": 2, "num_statements": 5, "percent_covered": 40.0, "percent_covered_display": "40", "missing_lines": 3, "excluded_lines": 0, "percent_statements_covered": 40.0, "percent_statements_covered_display": "40"}, "missing_lines": [183, 184, 189], "excluded_lines": [], "start_line": 161}, "get_version_diff": {"executed_lines": [227], "summary": {"covered_lines": 1, "num_statements": 4, "percent_covered": 25.0, "percent_covered_display": "25", "missing_lines": 3, "excluded_lines": 0, "percent_statements_covered": 25.0, "percent_statements_covered_display": "25"}, "missing_lines": [235, 236, 241], "excluded_lines": [], "start_line": 200}, "mark_page_reviewed": {"executed_lines": [275], "summary": {"covered_lines": 1, "num_statements": 9, "percent_covered": 11.11111111111111, "percent_covered_display": "11", "missing_lines": 8, "excluded_lines": 0, "percent_statements_covered": 11.11111111111111, "percent_statements_covered_display": "11"}, "missing_lines": [277, 278, 284, 285, 286, 288, 289, 291], "excluded_lines": [], "start_line": 251}, "": {"executed_lines": [17, 18, 20, 21, 23, 24, 25, 26, 34, 36, 39, 46, 60, 67, 103, 110, 154, 161, 193, 200, 244, 251], "summary": {"covered_lines": 22, "num_statements": 22, "percent_covered": 100.0, "percent_covered_display": "100", "missing_lines": 0, "excluded_lines": 0, "percent_statements_covered": 100.0, "percent_statements_covered_display": "100"}, "missing_lines": [], "excluded_lines": [], "start_line": 1}}, "classes": {"": {"executed_lines": [17, 18, 20, 21, 23, 24, 25, 26, 34, 36, 39, 46, 55, 56, 60, 67, 92, 103, 110, 136, 154, 161, 182, 190, 193, 200, 227, 244, 251, 275], "summary": {"covered_lines": 30, "num_statements": 51, "percent_covered": 58.8235294117647, "percent_covered_display": "59", "missing_lines": 21, "excluded_lines": 0, "percent_statements_covered": 58.8235294117647, "percent_statements_covered_display": "59"}, "missing_lines": [57, 94, 95, 100, 145, 146, 151, 183, 184, 189, 235, 236, 241, 277, 278, 284, 285, 286, 288, 289, 291], "excluded_lines": [], "start_line": 1}}}, "app/api/v1/endpoints/transparency_reports.py": {"executed_lines": [15, 16, 17, 19, 20, 22, 23, 24, 25, 33, 35, 37, 45, 51, 60, 61, 63, 82, 88, 97, 98, 126, 131, 140, 141, 166, 171, 180, 181, 211, 217, 227, 228, 230, 249, 256, 266, 268, 292, 298, 308, 310, 311, 334, 340, 350, 352, 353, 376, 382, 392, 394, 395, 412, 419], "summary": {"covered_lines": 55, "num_statements": 92, "percent_covered": 59.78260869565217, "percent_covered_display": "60", "missing_lines": 37, "excluded_lines": 0, "percent_statements_covered": 59.78260869565217, "percent_statements_covered_display": "60"}, "missing_lines": [100, 101, 106, 107, 112, 143, 144, 149, 150, 155, 157, 159, 183, 184, 189, 190, 195, 197, 199, 274, 278, 312, 313, 318, 320, 354, 355, 360, 362, 396, 397, 402, 404, 429, 431, 438, 440], "excluded_lines": [], "functions": {"list_published_reports": {"executed_lines": [60, 61, 63], "summary": {"covered_lines": 3, "num_statements": 3, "percent_covered": 100.0, "percent_covered_display": "100", "missing_lines": 0, "excluded_lines": 0, "percent_statements_covered": 100.0, "percent_statements_covered_display": "100"}, "missing_lines": [], "excluded_lines": [], "start_line": 51}, "get_published_report": {"executed_lines": [97, 98], "summary": {"covered_lines": 2, "num_statements": 7, "percent_covered": 28.571428571428573, "percent_covered_display": "29", "missing_lines": 5, "excluded_lines": 0, "percent_statements_covered": 28.571428571428573, "percent_statements_covered_display": "29"}, "missing_lines": [100, 101, 106, 107, 112], "excluded_lines": [], "start_line": 88}, "export_report_csv": {"executed_lines": [140, 141], "summary": {"covered_lines": 2, "num_statements": 9, "percent_covered": 22.22222222222222, "percent_covered_display": "22", "missing_lines": 7, "excluded_lines": 0, "percent_statements_covered": 22.22222222222222, "percent_statements_covered_display": "22"}, "missing_lines": [143, 144, 149, 150, 155, 157, 159], "excluded_lines": [], "start_line": 131}, "export_report_pdf": {"executed_lines": [180, 181], "summary": {"covered_lines": 2, "num_statements": 9, "percent_covered": 22.22222222222222, "percent_covered_display": "22", "missing_lines": 7, "excluded_lines": 0, "percent_statements_covered": 22.22222222222222, "percent_statements_covered_display": "22"}, "missing_lines": [183, 184, 189, 190, 195, 197, 199], "excluded_lines": [], "start_line": 171}, "admin_list_all_reports": {"executed_lines": [227, 228, 230], "summary": {"covered_lines": 3, "num_statements": 3, "percent_covered": 100.0, "percent_covered_display": "100", "missing_lines": 0, "excluded_lines": 0, "percent_statements_covered": 100.0, "percent_statements_covered_display": "100"}, "missing_lines": [], "excluded_lines": [], "start_line": 217}, "generate_report": {"executed_lines": [266, 268], "summary": {"covered_lines": 2, "num_statements": 4, "percent_covered": 50.0, "percent_covered_display": "50", "missing_lines": 2, "excluded_lines": 0, "percent_statements_covered": 50.0, "percent_statements_covered_display": "50"}, "missing_lines": [274, 278], "excluded_lines": [], "start_line": 256}, "publish_report": {"executed_lines": [308, 310, 311], "summary": {"covered_lines": 3, "num_statements": 7, "percent_covered": 42.857142857142854, "percent_covered_display": "43", "missing_lines": 4, "excluded_lines": 0, "percent_statements_covered": 42.857142857142854, "percent_statements_covered_display": "43"}, "missing_lines": [312, 313, 318, 320], "excluded_lines": [], "start_line": 298}, "unpublish_report": {"executed_lines": [350, 352, 353], "summary": {"covered_lines": 3, "num_statements": 7, "percent_covered": 42.857142857142854, "percent_covered_display": "43", "missing_lines": 4, "excluded_lines": 0, "percent_statements_covered": 42.857142857142854, "percent_statements_covered_display": "43"}, "missing_lines": [354, 355, 360, 362], "excluded_lines": [], "start_line": 340}, "send_report_email": {"executed_lines": [392, 394, 395], "summary": {"covered_lines": 3, "num_statements": 7, "percent_covered": 42.857142857142854, "percent_covered_display": "43", "missing_lines": 4, "excluded_lines": 0, "percent_statements_covered": 42.857142857142854, "percent_statements_covered_display": "43"}, "missing_lines": [396, 397, 402, 404], "excluded_lines": [], "start_line": 382}, "trigger_report_generation": {"executed_lines": [], "summary": {"covered_lines": 0, "num_statements": 4, "percent_covered": 0.0, "percent_covered_display": "0", "missing_lines": 4, "excluded_lines": 0, "percent_statements_covered": 0.0, "percent_statements_covered_display": "0"}, "missing_lines": [429, 431, 438, 440], "excluded_lines": [], "start_line": 419}, "": {"executed_lines": [15, 16, 17, 19, 20, 22, 23, 24, 25, 33, 35, 37, 45, 51, 82, 88, 126, 131, 166, 171, 211, 217, 249, 256, 292, 298, 334, 340, 376, 382, 412, 419], "summary": {"covered_lines": 32, "num_statements": 32, "percent_covered": 100.0, "percent_covered_display": "100", "missing_lines": 0, "excluded_lines": 0, "percent_statements_covered": 100.0, "percent_statements_covered_display": "100"}, "missing_lines": [], "excluded_lines": [], "start_line": 1}}, "classes": {"": {"executed_lines": [15, 16, 17, 19, 20, 22, 23, 24, 25, 33, 35, 37, 45, 51, 60, 61, 63, 82, 88, 97, 98, 126, 131, 140, 141, 166, 171, 180, 181, 211, 217, 227, 228, 230, 249, 256, 266, 268, 292, 298, 308, 310, 311, 334, 340, 350, 352, 353, 376, 382, 392, 394, 395, 412, 419], "summary": {"covered_lines": 55, "num_statements": 92, "percent_covered": 59.78260869565217, "percent_covered_display": "60", "missing_lines": 37, "excluded_lines": 0, "percent_statements_covered": 59.78260869565217, "percent_statements_covered_display": "60"}, "missing_lines": [100, 101, 106, 107, 112, 143, 144, 149, 150, 155, 157, 159, 183, 184, 189, 190, 195, 197, 199, 274, 278, 312, 313, 318, 320, 354, 355, 360, 362, 396, 397, 402, 404, 429, 431, 438, 440], "excluded_lines": [], "start_line": 1}}}, "app/api/v1/endpoints/users.py": {"executed_lines": [5, 6, 8, 9, 10, 12, 13, 14, 15, 17, 20, 21, 31, 34, 35, 47, 48, 53, 54, 79, 83, 87, 88, 97, 98, 127, 128, 157, 158, 215, 216, 237, 238], "summary": {"covered_lines": 33, "num_statements": 74, "percent_covered": 44.5945945945946, "percent_covered_display": "45", "missing_lines": 41, "excluded_lines": 0, "percent_statements_covered": 44.5945945945946, "percent_statements_covered_display": "45"}, "missing_lines": [49, 50, 89, 91, 92, 94, 129, 131, 132, 135, 137, 138, 143, 144, 150, 151, 152, 154, 187, 188, 189, 191, 192, 195, 197, 198, 204, 205, 206, 207, 209, 210, 212, 239, 241, 242, 244, 245, 249, 250, 252], "excluded_lines": [], "functions": {"get_current_user_info": {"executed_lines": [31], "summary": {"covered_lines": 1, "num_statements": 1, "percent_covered": 100.0, "percent_covered_display": "100", "missing_lines": 0, "excluded_lines": 0, "percent_statements_covered": 100.0, "percent_statements_covered_display": "100"}, "missing_lines": [], "excluded_lines": [], "start_line": 21}, "list_users": {"executed_lines": [47, 48], "summary": {"covered_lines": 2, "num_statements": 4, "percent_covered": 50.0, "percent_covered_display": "50", "missing_lines": 2, "excluded_lines": 0, "percent_statements_covered": 50.0, "percent_statements_covered_display": "50"}, "missing_lines": [49, 50], "excluded_lines": [], "start_line": 35}, "get_user": {"executed_lines": [79, 83, 87, 88], "summary": {"covered_lines": 4, "num_statements": 8, "percent_covered": 50.0, "percent_covered_display": "50", "missing_lines": 4, "excluded_lines": 0, "percent_statements_covered": 50.0, "percent_statements_covered_display": "50"}, "missing_lines": [89, 91, 92, 94], "excluded_lines": [], "start_line": 54}, "update_user_role": {"executed_lines": [127, 128], "summary": {"covered_lines": 2, "num_statements": 14, "percent_covered": 14.285714285714286, "percent_covered_display": "14", "missing_lines": 12, "excluded_lines": 0, "percent_statements_covered": 14.285714285714286, "percent_statements_covered_display": "14"}, "missing_lines": [129, 131, 132, 135, 137, 138, 143, 144, 150, 151, 152, 154], "excluded_lines": [], "start_line": 98}, "update_user": {"executed_lines": [], "summary": {"covered_lines": 0, "num_statements": 15, "percent_covered": 0.0, "percent_covered_display": "0", "missing_lines": 15, "excluded_lines": 0, "percent_statements_covered": 0.0, "percent_statements_covered_display": "0"}, "missing_lines": [187, 188, 189, 191, 192, 195, 197, 198, 204, 205, 206, 207, 209, 210, 212], "excluded_lines": [], "start_line": 158}, "delete_user": {"executed_lines": [237, 238], "summary": {"covered_lines": 2, "num_statements": 10, "percent_covered": 20.0, "percent_covered_display": "20", "missing_lines": 8, "excluded_lines": 0, "percent_statements_covered": 20.0, "percent_statements_covered_display": "20"}, "missing_lines": [239, 241, 242, 244, 245, 249, 250, 252], "excluded_lines": [], "start_line": 216}, "": {"executed_lines": [5, 6, 8, 9, 10, 12, 13, 14, 15, 17, 20, 21, 34, 35, 53, 54, 97, 98, 157, 158, 215, 216], "summary": {"covered_lines": 22, "num_statements": 22, "percent_covered": 100.0, "percent_covered_display": "100", "missing_lines": 0, "excluded_lines": 0, "percent_statements_covered": 100.0, "percent_statements_covered_display": "100"}, "missing_lines": [], "excluded_lines": [], "start_line": 1}}, "classes": {"": {"executed_lines": [5, 6, 8, 9, 10, 12, 13, 14, 15, 17, 20, 21, 31, 34, 35, 47, 48, 53, 54, 79, 83, 87, 88, 97, 98, 127, 128, 157, 158, 215, 216, 237, 238], "summary": {"covered_lines": 33, "num_statements": 74, "percent_covered": 44.5945945945946, "percent_covered_display": "45", "missing_lines": 41, "excluded_lines": 0, "percent_statements_covered": 44.5945945945946, "percent_statements_covered_display": "45"}, "missing_lines": [49, 50, 89, 91, 92, 94, 129, 131, 132, 135, 137, 138, 143, 144, 150, 151, 152, 154, 187, 188, 189, 191, 192, 195, 197, 198, 204, 205, 206, 207, 209, 210, 212, 239, 241, 242, 244, 245, 249, 250, 252], "excluded_lines": [], "start_line": 1}}}, "app/api/v1/endpoints/workflow.py": {"executed_lines": [14, 15, 17, 18, 19, 21, 22, 23, 24, 25, 32, 36, 39, 44, 49, 55, 58, 59, 60, 61, 62, 64, 67, 70, 71, 72, 73, 74, 75, 76, 78, 81, 84, 85, 86, 89, 91, 92, 101, 108, 125, 128, 130, 131, 164, 171, 182, 185, 186, 195, 209, 216, 227, 229, 230, 240], "summary": {"covered_lines": 56, "num_statements": 72, "percent_covered": 77.77777777777777, "percent_covered_display": "78", "missing_lines": 16, "excluded_lines": 0, "percent_statements_covered": 77.77777777777777, "percent_statements_covered_display": "78"}, "missing_lines": [93, 94, 95, 139, 147, 148, 152, 153, 157, 158, 187, 188, 193, 231, 232, 238], "excluded_lines": [], "functions": {"_parse_workflow_state": {"executed_lines": [91, 92], "summary": {"covered_lines": 2, "num_statements": 5, "percent_covered": 40.0, "percent_covered_display": "40", "missing_lines": 3, "excluded_lines": 0, "percent_statements_covered": 40.0, "percent_statements_covered_display": "40"}, "missing_lines": [93, 94, 95], "excluded_lines": [], "start_line": 89}, "perform_transition": {"executed_lines": [125, 128, 130, 131], "summary": {"covered_lines": 4, "num_statements": 11, "percent_covered": 36.36363636363637, "percent_covered_display": "36", "missing_lines": 7, "excluded_lines": 0, "percent_statements_covered": 36.36363636363637, "percent_statements_covered_display": "36"}, "missing_lines": [139, 147, 148, 152, 153, 157, 158], "excluded_lines": [], "start_line": 108}, "get_transition_history": {"executed_lines": [182, 185, 186, 195], "summary": {"covered_lines": 4, "num_statements": 7, "percent_covered": 57.142857142857146, "percent_covered_display": "57", "missing_lines": 3, "excluded_lines": 0, "percent_statements_covered": 57.142857142857146, "percent_statements_covered_display": "57"}, "missing_lines": [187, 188, 193], "excluded_lines": [], "start_line": 171}, "get_current_workflow_state": {"executed_lines": [227, 229, 230, 240], "summary": {"covered_lines": 4, "num_statements": 7, "percent_covered": 57.142857142857146, "percent_covered_display": "57", "missing_lines": 3, "excluded_lines": 0, "percent_statements_covered": 57.142857142857146, "percent_statements_covered_display": "57"}, "missing_lines": [231, 232, 238], "excluded_lines": [], "start_line": 216}, "": {"executed_lines": [14, 15, 17, 18, 19, 21, 22, 23, 24, 25, 32, 36, 39, 44, 49, 55, 58, 59, 60, 61, 62, 64, 67, 70, 71, 72, 73, 74, 75, 76, 78, 81, 84, 85, 86, 89, 101, 108, 164, 171, 209, 216], "summary": {"covered_lines": 42, "num_statements": 42, "percent_covered": 100.0, "percent_covered_display": "100", "missing_lines": 0, "excluded_lines": 0, "percent_statements_covered": 100.0, "percent_statements_covered_display": "100"}, "missing_lines": [], "excluded_lines": [], "start_line": 1}}, "classes": {"TransitionRequest": {"executed_lines": [], "summary": {"covered_lines": 0, "num_statements": 0, "percent_covered": 100.0, "percent_covered_display": "100", "missing_lines": 0, "excluded_lines": 0, "percent_statements_covered": 100.0, "percent_statements_covered_display": "100"}, "missing_lines": [], "excluded_lines": [], "start_line": 36}, "TransitionResponse": {"executed_lines": [], "summary": {"covered_lines": 0, "num_statements": 0, "percent_covered": 100.0, "percent_covered_display": "100", "missing_lines": 0, "excluded_lines": 0, "percent_statements_covered": 100.0, "percent_statements_covered_display": "100"}, "missing_lines": [], "excluded_lines": [], "start_line": 55}, "WorkflowHistoryItem": {"executed_lines": [], "summary": {"covered_lines": 0, "num_statements": 0, "percent_covered": 100.0, "percent_covered_display": "100", "missing_lines": 0, "excluded_lines": 0, "percent_statements_covered": 100.0, "percent_statements_covered_display": "100"}, "missing_lines": [], "excluded_lines": [], "start_line": 67}, "CurrentStateResponse": {"executed_lines": [], "summary": {"covered_lines": 0, "num_statements": 0, "percent_covered": 100.0, "percent_covered_display": "100", "missing_lines": 0, "excluded_lines": 0, "percent_statements_covered": 100.0, "percent_statements_covered_display": "100"}, "missing_lines": [], "excluded_lines": [], "start_line": 81}, "": {"executed_lines": [14, 15, 17, 18, 19, 21, 22, 23, 24, 25, 32, 36, 39, 44, 49, 55, 58, 59, 60, 61, 62, 64, 67, 70, 71, 72, 73, 74, 75, 76, 78, 81, 84, 85, 86, 89, 91, 92, 101, 108, 125, 128, 130, 131, 164, 171, 182, 185, 186, 195, 209, 216, 227, 229, 230, 240], "summary": {"covered_lines": 56, "num_statements": 72, "percent_covered": 77.77777777777777, "percent_covered_display": "78", "missing_lines": 16, "excluded_lines": 0, "percent_statements_covered": 77.77777777777777, "percent_statements_covered_display": "78"}, "missing_lines": [93, 94, 95, 139, 147, 148, 152, 153, 157, 158, 187, 188, 193, 231, 232, 238], "excluded_lines": [], "start_line": 1}}}, "app/api/v1/router.py": {"executed_lines": [5, 7, 26, 29, 30, 31, 32, 33, 36, 37, 38, 39, 40, 41, 42, 43, 46, 47, 48], "summary": {"covered_lines": 19, "num_statements": 19, "percent_covered": 100.0, "percent_covered_display": "100", "missing_lines": 0, "excluded_lines": 0, "percent_statements_covered": 100.0, "percent_statements_covered_display": "100"}, "missing_lines": [], "excluded_lines": [], "functions": {"": {"executed_lines": [5, 7, 26, 29, 30, 31, 32, 33, 36, 37, 38, 39, 40, 41, 42, 43, 46, 47, 48], "summary": {"covered_lines": 19, "num_statements": 19, "percent_covered": 100.0, "percent_covered_display": "100", "missing_lines": 0, "excluded_lines": 0, "percent_statements_covered": 100.0, "percent_statements_covered_display": "100"}, "missing_lines": [], "excluded_lines": [], "start_line": 1}}, "classes": {"": {"executed_lines": [5, 7, 26, 29, 30, 31, 32, 33, 36, 37, 38, 39, 40, 41, 42, 43, 46, 47, 48], "summary": {"covered_lines": 19, "num_statements": 19, "percent_covered": 100.0, "percent_covered_display": "100", "missing_lines": 0, "excluded_lines": 0, "percent_statements_covered": 100.0, "percent_statements_covered_display": "100"}, "missing_lines": [], "excluded_lines": [], "start_line": 1}}}, "app/core/__init__.py": {"executed_lines": [], "summary": {"covered_lines": 0, "num_statements": 0, "percent_covered": 100.0, "percent_covered_display": "100", "missing_lines": 0, "excluded_lines": 0, "percent_statements_covered": 100.0, "percent_statements_covered_display": "100"}, "missing_lines": [], "excluded_lines": [], "functions": {"": {"executed_lines": [], "summary": {"covered_lines": 0, "num_statements": 0, "percent_covered": 100.0, "percent_covered_display": "100", "missing_lines": 0, "excluded_lines": 0, "percent_statements_covered": 100.0, "percent_statements_covered_display": "100"}, "missing_lines": [], "excluded_lines": [], "start_line": 1}}, "classes": {"": {"executed_lines": [], "summary": {"covered_lines": 0, "num_statements": 0, "percent_covered": 100.0, "percent_covered_display": "100", "missing_lines": 0, "excluded_lines": 0, "percent_statements_covered": 100.0, "percent_statements_covered_display": "100"}, "missing_lines": [], "excluded_lines": [], "start_line": 1}}}, "app/core/celery_app.py": {"executed_lines": [9, 10, 12, 15, 27, 46], "summary": {"covered_lines": 6, "num_statements": 6, "percent_covered": 100.0, "percent_covered_display": "100", "missing_lines": 0, "excluded_lines": 0, "percent_statements_covered": 100.0, "percent_statements_covered_display": "100"}, "missing_lines": [], "excluded_lines": [], "functions": {"": {"executed_lines": [9, 10, 12, 15, 27, 46], "summary": {"covered_lines": 6, "num_statements": 6, "percent_covered": 100.0, "percent_covered_display": "100", "missing_lines": 0, "excluded_lines": 0, "percent_statements_covered": 100.0, "percent_statements_covered_display": "100"}, "missing_lines": [], "excluded_lines": [], "start_line": 1}}, "classes": {"": {"executed_lines": [9, 10, 12, 15, 27, 46], "summary": {"covered_lines": 6, "num_statements": 6, "percent_covered": 100.0, "percent_covered_display": "100", "missing_lines": 0, "excluded_lines": 0, "percent_statements_covered": 100.0, "percent_statements_covered_display": "100"}, "missing_lines": [], "excluded_lines": [], "start_line": 1}}}, "app/core/config.py": {"executed_lines": [5, 7, 10, 13, 18, 19, 20, 23, 26, 27, 30, 33, 34, 35, 36, 37, 40, 41, 44, 47, 48, 49, 50, 51, 52, 53, 56, 59, 60, 61, 62, 63, 65, 66, 68, 70, 71, 73, 77], "summary": {"covered_lines": 39, "num_statements": 39, "percent_covered": 100.0, "percent_covered_display": "100", "missing_lines": 0, "excluded_lines": 0, "percent_statements_covered": 100.0, "percent_statements_covered_display": "100"}, "missing_lines": [], "excluded_lines": [], "functions": {"Settings.cors_origins_list": {"executed_lines": [68], "summary": {"covered_lines": 1, "num_statements": 1, "percent_covered": 100.0, "percent_covered_display": "100", "missing_lines": 0, "excluded_lines": 0, "percent_statements_covered": 100.0, "percent_statements_covered_display": "100"}, "missing_lines": [], "excluded_lines": [], "start_line": 66}, "Settings.smtp_configured": {"executed_lines": [73], "summary": {"covered_lines": 1, "num_statements": 1, "percent_covered": 100.0, "percent_covered_display": "100", "missing_lines": 0, "excluded_lines": 0, "percent_statements_covered": 100.0, "percent_statements_covered_display": "100"}, "missing_lines": [], "excluded_lines": [], "start_line": 71}, "": {"executed_lines": [5, 7, 10, 13, 18, 19, 20, 23, 26, 27, 30, 33, 34, 35, 36, 37, 40, 41, 44, 47, 48, 49, 50, 51, 52, 53, 56, 59, 60, 61, 62, 63, 65, 66, 70, 71, 77], "summary": {"covered_lines": 37, "num_statements": 37, "percent_covered": 100.0, "percent_covered_display": "100", "missing_lines": 0, "excluded_lines": 0, "percent_statements_covered": 100.0, "percent_statements_covered_display": "100"}, "missing_lines": [], "excluded_lines": [], "start_line": 1}}, "classes": {"Settings": {"executed_lines": [68, 73], "summary": {"covered_lines": 2, "num_statements": 2, "percent_covered": 100.0, "percent_covered_display": "100", "missing_lines": 0, "excluded_lines": 0, "percent_statements_covered": 100.0, "percent_statements_covered_display": "100"}, "missing_lines": [], "excluded_lines": [], "start_line": 10}, "": {"executed_lines": [5, 7, 10, 13, 18, 19, 20, 23, 26, 27, 30, 33, 34, 35, 36, 37, 40, 41, 44, 47, 48, 49, 50, 51, 52, 53, 56, 59, 60, 61, 62, 63, 65, 66, 70, 71, 77], "summary": {"covered_lines": 37, "num_statements": 37, "percent_covered": 100.0, "percent_covered_display": "100", "missing_lines": 0, "excluded_lines": 0, "percent_statements_covered": 100.0, "percent_statements_covered_display": "100"}, "missing_lines": [], "excluded_lines": [], "start_line": 1}}}, "app/core/database.py": {"executed_lines": [5, 7, 8, 10, 14, 15, 16, 17, 19, 22, 27, 30, 33, 36], "summary": {"covered_lines": 14, "num_statements": 16, "percent_covered": 87.5, "percent_covered_display": "88", "missing_lines": 2, "excluded_lines": 0, "percent_statements_covered": 87.5, "percent_statements_covered_display": "88"}, "missing_lines": [45, 46], "excluded_lines": [], "functions": {"get_db": {"executed_lines": [], "summary": {"covered_lines": 0, "num_statements": 2, "percent_covered": 0.0, "percent_covered_display": "0", "missing_lines": 2, "excluded_lines": 0, "percent_statements_covered": 0.0, "percent_statements_covered_display": "0"}, "missing_lines": [45, 46], "excluded_lines": [], "start_line": 36}, "": {"executed_lines": [5, 7, 8, 10, 14, 15, 16, 17, 19, 22, 27, 30, 33, 36], "summary": {"covered_lines": 14, "num_statements": 14, "percent_covered": 100.0, "percent_covered_display": "100", "missing_lines": 0, "excluded_lines": 0, "per
[...]
": 4, "num_statements": 5, "percent_covered": 80.0, "percent_covered_display": "80", "missing_lines": 1, "excluded_lines": 0, "percent_statements_covered": 80.0, "percent_statements_covered_display": "80"}, "missing_lines": [498], "excluded_lines": [], "start_line": 479}, "TransparencyReportService._generate_simple_pdf": {"executed_lines": [519, 522, 526], "summary": {"covered_lines": 3, "num_statements": 4, "percent_covered": 75.0, "percent_covered_display": "75", "missing_lines": 1, "excluded_lines": 0, "percent_statements_covered": 75.0, "percent_statements_covered_display": "75"}, "missing_lines": [523], "excluded_lines": [], "start_line": 506}, "TransparencyReportService._generate_reportlab_pdf": {"executed_lines": [], "summary": {"covered_lines": 0, "num_statements": 50, "percent_covered": 0.0, "percent_covered_display": "0", "missing_lines": 50, "excluded_lines": 0, "percent_statements_covered": 0.0, "percent_statements_covered_display": "0"}, "missing_lines": [530, 531, 532, 533, 534, 542, 543, 544, 545, 548, 549, 550, 553, 554, 555, 558, 559, 561, 562, 563, 565, 574, 575, 589, 590, 593, 594, 595, 596, 598, 599, 600, 608, 609, 620, 621, 624, 625, 626, 628, 629, 630, 638, 639, 651, 654, 655, 656, 658, 659], "excluded_lines": [], "start_line": 528}, "TransparencyReportService._generate_minimal_pdf": {"executed_lines": [667, 668, 671, 717], "summary": {"covered_lines": 4, "num_statements": 4, "percent_covered": 100.0, "percent_covered_display": "100", "missing_lines": 0, "excluded_lines": 0, "percent_statements_covered": 100.0, "percent_statements_covered_display": "100"}, "missing_lines": [], "excluded_lines": [], "start_line": 661}, "TransparencyReportService.send_report_to_admins": {"executed_lines": [736, 738, 742, 746, 747, 749, 754, 755, 757, 759, 785, 803, 804, 805, 806, 813, 817, 819], "summary": {"covered_lines": 18, "num_statements": 23, "percent_covered": 78.26086956521739, "percent_covered_display": "78", "missing_lines": 5, "excluded_lines": 0, "percent_statements_covered": 78.26086956521739, "percent_statements_covered_display": "78"}, "missing_lines": [739, 750, 751, 814, 815], "excluded_lines": [], "start_line": 723}, "": {"executed_lines": [15, 16, 17, 18, 19, 20, 22, 23, 25, 26, 27, 28, 30, 33, 40, 61, 72, 86, 152, 193, 243, 257, 275, 307, 334, 364, 479, 506, 528, 661, 723], "summary": {"covered_lines": 31, "num_statements": 31, "percent_covered": 100.0, "percent_covered_display": "100", "missing_lines": 0, "excluded_lines": 0, "percent_statements_covered": 100.0, "percent_statements_covered_display": "100"}, "missing_lines": [], "excluded_lines": [], "start_line": 1}}, "classes": {"TransparencyReportService": {"executed_lines": [79, 80, 104, 106, 107, 108, 111, 114, 115, 119, 121, 123, 125, 126, 127, 128, 129, 130, 131, 132, 135, 145, 146, 147, 149, 150, 204, 205, 206, 208, 209, 210, 212, 213, 216, 223, 229, 231, 237, 253, 254, 255, 268, 272, 273, 290, 295, 296, 298, 300, 301, 320, 322, 323, 325, 326, 328, 329, 331, 332, 347, 349, 352, 354, 355, 357, 358, 377, 379, 380, 382, 383, 386, 389, 390, 391, 394, 395, 396, 397, 398, 401, 402, 403, 404, 411, 414, 415, 416, 423, 430, 431, 434, 435, 436, 437, 440, 443, 450, 453, 454, 455, 456, 464, 465, 473, 495, 497, 502, 504, 519, 522, 526, 667, 668, 671, 717, 736, 738, 742, 746, 747, 749, 754, 755, 757, 759, 785, 803, 804, 805, 806, 813, 817, 819], "summary": {"covered_lines": 135, "num_statements": 202, "percent_covered": 66.83168316831683, "percent_covered_display": "67", "missing_lines": 67, "excluded_lines": 0, "percent_statements_covered": 66.83168316831683, "percent_statements_covered_display": "67"}, "missing_lines": [164, 167, 170, 171, 172, 173, 176, 177, 179, 350, 498, 523, 530, 531, 532, 533, 534, 542, 543, 544, 545, 548, 549, 550, 553, 554, 555, 558, 559, 561, 562, 563, 565, 574, 575, 589, 590, 593, 594, 595, 596, 598, 599, 600, 608, 609, 620, 621, 624, 625, 626, 628, 629, 630, 638, 639, 651, 654, 655, 656, 658, 659, 739, 750, 751, 814, 815], "excluded_lines": [], "start_line": 61}, "": {"executed_lines": [15, 16, 17, 18, 19, 20, 22, 23, 25, 26, 27, 28, 30, 33, 40, 61, 72, 86, 152, 193, 243, 257, 275, 307, 334, 364, 479, 506, 528, 661, 723], "summary": {"covered_lines": 31, "num_statements": 31, "percent_covered": 100.0, "percent_covered_display": "100", "missing_lines": 0, "excluded_lines": 0, "percent_statements_covered": 100.0, "percent_statements_covered_display": "100"}, "missing_lines": [], "excluded_lines": [], "start_line": 1}}}, "app/services/workflow_service.py": {"executed_lines": [13, 14, 16, 17, 19, 20, 21, 24, 27, 30, 33, 36, 39, 42, 45, 49, 109, 221, 240, 262, 274, 276, 278, 288, 290, 301, 302, 304, 306, 307, 308, 310, 312, 314, 315, 316, 318, 320, 337, 338, 340, 344, 346, 361, 364, 365, 366, 369, 370, 371, 374, 377, 379, 412, 413, 415, 418, 419, 424, 425, 431, 434, 435, 442, 450, 453, 454, 456, 458, 468, 473, 475, 488], "summary": {"covered_lines": 73, "num_statements": 80, "percent_covered": 91.25, "percent_covered_display": "91", "missing_lines": 7, "excluded_lines": 0, "percent_statements_covered": 91.25, "percent_statements_covered_display": "91"}, "missing_lines": [309, 317, 342, 375, 436, 437, 489], "excluded_lines": [], "functions": {"WorkflowService.__init__": {"executed_lines": [276], "summary": {"covered_lines": 1, "num_statements": 1, "percent_covered": 100.0, "percent_covered_display": "100", "missing_lines": 0, "excluded_lines": 0, "percent_statements_covered": 100.0, "percent_statements_covered_display": "100"}, "missing_lines": [], "excluded_lines": [], "start_line": 274}, "WorkflowService.get_valid_transitions": {"executed_lines": [288], "summary": {"covered_lines": 1, "num_statements": 1, "percent_covered": 100.0, "percent_covered_display": "100", "missing_lines": 0, "excluded_lines": 0, "percent_statements_covered": 100.0, "percent_statements_covered_display": "100"}, "missing_lines": [], "excluded_lines": [], "start_line": 278}, "WorkflowService.is_valid_transition": {"executed_lines": [301, 302], "summary": {"covered_lines": 2, "num_statements": 2, "percent_covered": 100.0, "percent_covered_display": "100", "missing_lines": 0, "excluded_lines": 0, "percent_statements_covered": 100.0, "percent_statements_covered_display": "100"}, "missing_lines": [], "excluded_lines": [], "start_line": 290}, "WorkflowService._get_user": {"executed_lines": [306, 307, 308, 310], "summary": {"covered_lines": 4, "num_statements": 5, "percent_covered": 80.0, "percent_covered_display": "80", "missing_lines": 1, "excluded_lines": 0, "percent_statements_covered": 80.0, "percent_statements_covered_display": "80"}, "missing_lines": [309], "excluded_lines": [], "start_line": 304}, "WorkflowService._get_submission": {"executed_lines": [314, 315, 316, 318], "summary": {"covered_lines": 4, "num_statements": 5, "percent_covered": 80.0, "percent_covered_display": "80", "missing_lines": 1, "excluded_lines": 0, "percent_statements_covered": 80.0, "percent_statements_covered_display": "80"}, "missing_lines": [317], "excluded_lines": [], "start_line": 312}, "WorkflowService._check_permission": {"executed_lines": [337, 338, 340, 344], "summary": {"covered_lines": 4, "num_statements": 5, "percent_covered": 80.0, "percent_covered_display": "80", "missing_lines": 1, "excluded_lines": 0, "percent_statements_covered": 80.0, "percent_statements_covered_display": "80"}, "missing_lines": [342], "excluded_lines": [], "start_line": 320}, "WorkflowService.check_peer_review_required": {"executed_lines": [361, 364, 365, 366, 369, 370, 371, 374, 377], "summary": {"covered_lines": 9, "num_statements": 10, "percent_covered": 90.0, "percent_covered_display": "90", "missing_lines": 1, "excluded_lines": 0, "percent_statements_covered": 90.0, "percent_statements_covered_display": "90"}, "missing_lines": [375], "excluded_lines": [], "start_line": 346}, "WorkflowService.transition": {"executed_lines": [412, 413, 415, 418, 419, 424, 425, 431, 434, 435, 442, 450, 453, 454, 456], "summary": {"covered_lines": 15, "num_statements": 17, "percent_covered": 88.23529411764706, "percent_covered_display": "88", "missing_lines": 2, "excluded_lines": 0, "percent_statements_covered": 88.23529411764706, "percent_statements_covered_display": "88"}, "missing_lines": [436, 437], "excluded_lines": [], "start_line": 379}, "WorkflowService.get_transition_history": {"executed_lines": [468, 473], "summary": {"covered_lines": 2, "num_statements": 2, "percent_covered": 100.0, "percent_covered_display": "100", "missing_lines": 0, "excluded_lines": 0, "percent_statements_covered": 100.0, "percent_statements_covered_display": "100"}, "missing_lines": [], "excluded_lines": [], "start_line": 458}, "WorkflowService.get_current_state": {"executed_lines": [488], "summary": {"covered_lines": 1, "num_statements": 2, "percent_covered": 50.0, "percent_covered_display": "50", "missing_lines": 1, "excluded_lines": 0, "percent_statements_covered": 50.0, "percent_statements_covered_display": "50"}, "missing_lines": [489], "excluded_lines": [], "start_line": 475}, "": {"executed_lines": [13, 14, 16, 17, 19, 20, 21, 24, 27, 30, 33, 36, 39, 42, 45, 49, 109, 221, 240, 262, 274, 278, 290, 304, 312, 320, 346, 379, 458, 475], "summary": {"covered_lines": 30, "num_statements": 30, "percent_covered": 100.0, "percent_covered_display": "100", "missing_lines": 0, "excluded_lines": 0, "percent_statements_covered": 100.0, "percent_statements_covered_display": "100"}, "missing_lines": [], "excluded_lines": [], "start_line": 1}}, "classes": {"WorkflowError": {"executed_lines": [], "summary": {"covered_lines": 0, "num_statements": 0, "percent_covered": 100.0, "percent_covered_display": "100", "missing_lines": 0, "excluded_lines": 0, "percent_statements_covered": 100.0, "percent_statements_covered_display": "100"}, "missing_lines": [], "excluded_lines": [], "start_line": 24}, "InvalidTransitionError": {"executed_lines": [], "summary": {"covered_lines": 0, "num_statements": 0, "percent_covered": 100.0, "percent_covered_display": "100", "missing_lines": 0, "excluded_lines": 0, "percent_statements_covered": 100.0, "percent_statements_covered_display": "100"}, "missing_lines": [], "excluded_lines": [], "start_line": 30}, "PermissionDeniedError": {"executed_lines": [], "summary": {"covered_lines": 0, "num_statements": 0, "percent_covered": 100.0, "percent_covered_display": "100", "missing_lines": 0, "excluded_lines": 0, "percent_statements_covered": 100.0, "percent_statements_covered_display": "100"}, "missing_lines": [], "excluded_lines": [], "start_line": 36}, "SubmissionNotFoundError": {"executed_lines": [], "summary": {"covered_lines": 0, "num_statements": 0, "percent_covered": 100.0, "percent_covered_display": "100", "missing_lines": 0, "excluded_lines": 0, "percent_statements_covered": 100.0, "percent_statements_covered_display": "100"}, "missing_lines": [], "excluded_lines": [], "start_line": 42}, "WorkflowService": {"executed_lines": [276, 288, 301, 302, 306, 307, 308, 310, 314, 315, 316, 318, 337, 338, 340, 344, 361, 364, 365, 366, 369, 370, 371, 374, 377, 412, 413, 415, 418, 419, 424, 425, 431, 434, 435, 442, 450, 453, 454, 456, 468, 473, 488], "summary": {"covered_lines": 43, "num_statements": 50, "percent_covered": 86.0, "percent_covered_display": "86", "missing_lines": 7, "excluded_lines": 0, "percent_statements_covered": 86.0, "percent_statements_covered_display": "86"}, "missing_lines": [309, 317, 342, 375, 436, 437, 489], "excluded_lines": [], "start_line": 262}, "": {"executed_lines": [13, 14, 16, 17, 19, 20, 21, 24, 27, 30, 33, 36, 39, 42, 45, 49, 109, 221, 240, 262, 274, 278, 290, 304, 312, 320, 346, 379, 458, 475], "summary": {"covered_lines": 30, "num_statements": 30, "percent_covered": 100.0, "percent_covered_display": "100", "missing_lines": 0, "excluded_lines": 0, "percent_statements_covered": 100.0, "percent_statements_covered_display": "100"}, "missing_lines": [], "excluded_lines": [], "start_line": 1}}}, "app/tasks/__init__.py": {"executed_lines": [], "summary": {"covered_lines": 0, "num_statements": 0, "percent_covered": 100.0, "percent_covered_display": "100", "missing_lines": 0, "excluded_lines": 0, "percent_statements_covered": 100.0, "percent_statements_covered_display": "100"}, "missing_lines": [], "excluded_lines": [], "functions": {"": {"executed_lines": [], "summary": {"covered_lines": 0, "num_statements": 0, "percent_covered": 100.0, "percent_covered_display": "100", "missing_lines": 0, "excluded_lines": 0, "percent_statements_covered": 100.0, "percent_statements_covered_display": "100"}, "missing_lines": [], "excluded_lines": [], "start_line": 1}}, "classes": {"": {"executed_lines": [], "summary": {"covered_lines": 0, "num_statements": 0, "percent_covered": 100.0, "percent_covered_display": "100", "missing_lines": 0, "excluded_lines": 0, "percent_statements_covered": 100.0, "percent_statements_covered_display": "100"}, "missing_lines": [], "excluded_lines": [], "start_line": 1}}}, "app/tasks/email_tasks.py": {"executed_lines": [], "summary": {"covered_lines": 0, "num_statements": 13, "percent_covered": 0.0, "percent_covered_display": "0", "missing_lines": 13, "excluded_lines": 0, "percent_statements_covered": 0.0, "percent_statements_covered_display": "0"}, "missing_lines": [7, 9, 11, 14, 15, 42, 44, 46, 53, 55, 57, 59, 61], "excluded_lines": [], "functions": {"send_email_task": {"executed_lines": [], "summary": {"covered_lines": 0, "num_statements": 8, "percent_covered": 0.0, "percent_covered_display": "0", "missing_lines": 8, "excluded_lines": 0, "percent_statements_covered": 0.0, "percent_statements_covered_display": "0"}, "missing_lines": [42, 44, 46, 53, 55, 57, 59, 61], "excluded_lines": [], "start_line": 15}, "": {"executed_lines": [], "summary": {"covered_lines": 0, "num_statements": 5, "percent_covered": 0.0, "percent_covered_display": "0", "missing_lines": 5, "excluded_lines": 0, "percent_statements_covered": 0.0, "percent_statements_covered_display": "0"}, "missing_lines": [7, 9, 11, 14, 15], "excluded_lines": [], "start_line": 1}}, "classes": {"": {"executed_lines": [], "summary": {"covered_lines": 0, "num_statements": 13, "percent_covered": 0.0, "percent_covered_display": "0", "missing_lines": 13, "excluded_lines": 0, "percent_statements_covered": 0.0, "percent_statements_covered_display": "0"}, "missing_lines": [7, 9, 11, 14, 15, 42, 44, 46, 53, 55, 57, 59, 61], "excluded_lines": [], "start_line": 1}}}, "app/tasks/report_tasks.py": {"executed_lines": [14, 15, 16, 17, 19, 21, 22, 24, 27, 33, 59, 61, 62, 64, 65, 68, 70, 77, 95, 98, 100, 109, 110, 112, 114, 115, 118, 122, 132, 133, 134, 135, 138, 139, 140, 141, 143, 146, 152, 181], "summary": {"covered_lines": 40, "num_statements": 64, "percent_covered": 62.5, "percent_covered_display": "62", "missing_lines": 24, "excluded_lines": 0, "percent_statements_covered": 62.5, "percent_statements_covered_display": "62"}, "missing_lines": [72, 73, 74, 102, 103, 104, 106, 107, 166, 167, 168, 170, 171, 172, 174, 176, 177, 178, 191, 193, 195, 196, 197, 199], "excluded_lines": [], "functions": {"generate_monthly_report_task": {"executed_lines": [59, 61, 62, 64, 65, 68, 70], "summary": {"covered_lines": 7, "num_statements": 10, "percent_covered": 70.0, "percent_covered_display": "70", "missing_lines": 3, "excluded_lines": 0, "percent_statements_covered": 70.0, "percent_statements_covered_display": "70"}, "missing_lines": [72, 73, 74], "excluded_lines": [], "start_line": 33}, "_generate_report_async": {"executed_lines": [95, 98, 100, 109, 110, 112, 114, 115, 118, 122, 132, 133, 134, 135, 138, 139, 140, 141, 143], "summary": {"covered_lines": 19, "num_statements": 24, "percent_covered": 79.16666666666667, "percent_covered_display": "79", "missing_lines": 5, "excluded_lines": 0, "percent_statements_covered": 79.16666666666667, "percent_statements_covered_display": "79"}, "missing_lines": [102, 103, 104, 106, 107], "excluded_lines": [], "start_line": 77}, "send_report_email_task": {"executed_lines": [], "summary": {"covered_lines": 0, "num_statements": 10, "percent_covered": 0.0, "percent_covered_display": "0", "missing_lines": 10, "excluded_lines": 0, "percent_statements_covered": 0.0, "percent_statements_covered_display": "0"}, "missing_lines": [166, 167, 168, 170, 171, 172, 174, 176, 177, 178], "excluded_lines": [], "start_line": 152}, "_send_report_email_async": {"executed_lines": [], "summary": {"covered_lines": 0, "num_statements": 6, "percent_covered": 0.0, "percent_covered_display": "0", "missing_lines": 6, "excluded_lines": 0, "percent_statements_covered": 0.0, "percent_statements_covered_display": "0"}, "missing_lines": [191, 193, 195, 196, 197, 199], "excluded_lines": [], "start_line": 181}, "": {"executed_lines": [14, 15, 16, 17, 19, 21, 22, 24, 27, 33, 77, 146, 152, 181], "summary": {"covered_lines": 14, "num_statements": 14, "percent_covered": 100.0, "percent_covered_display": "100", "missing_lines": 0, "excluded_lines": 0, "percent_statements_covered": 100.0, "percent_statements_covered_display": "100"}, "missing_lines": [], "excluded_lines": [], "start_line": 1}}, "classes": {"": {"executed_lines": [14, 15, 16, 17, 19, 21, 22, 24, 27, 33, 59, 61, 62, 64, 65, 68, 70, 77, 95, 98, 100, 109, 110, 112, 114, 115, 118, 122, 132, 133, 134, 135, 138, 139, 140, 141, 143, 146, 152, 181], "summary": {"covered_lines": 40, "num_statements": 64, "percent_covered": 62.5, "percent_covered_display": "62", "missing_lines": 24, "excluded_lines": 0, "percent_statements_covered": 62.5, "percent_statements_covered_display": "62"}, "missing_lines": [72, 73, 74, 102, 103, 104, 106, 107, 166, 167, 168, 170, 171, 172, 174, 176, 177, 178, 191, 193, 195, 196, 197, 199], "excluded_lines": [], "start_line": 1}}}, "app/tasks/retention_tasks.py": {"executed_lines": [], "summary": {"covered_lines": 0, "num_statements": 29, "percent_covered": 0.0, "percent_covered_display": "0", "missing_lines": 29, "excluded_lines": 0, "percent_statements_covered": 0.0, "percent_statements_covered_display": "0"}, "missing_lines": [8, 9, 11, 13, 15, 18, 19, 46, 48, 49, 51, 53, 54, 55, 56, 58, 60, 65, 74, 75, 76, 85, 87, 89, 91, 93, 95, 96, 98], "excluded_lines": [], "functions": {"run_retention_cleanup": {"executed_lines": [], "summary": {"covered_lines": 0, "num_statements": 12, "percent_covered": 0.0, "percent_covered_display": "0", "missing_lines": 12, "excluded_lines": 0, "percent_statements_covered": 0.0, "percent_statements_covered_display": "0"}, "missing_lines": [46, 48, 49, 51, 85, 87, 89, 91, 93, 95, 96, 98], "excluded_lines": [], "start_line": 19}, "run_retention_cleanup._run_cleanup": {"executed_lines": [], "summary": {"covered_lines": 0, "num_statements": 10, "percent_covered": 0.0, "percent_covered_display": "0", "missing_lines": 10, "excluded_lines": 0, "percent_statements_covered": 0.0, "percent_statements_covered_display": "0"}, "missing_lines": [53, 54, 55, 56, 58, 60, 65, 74, 75, 76], "excluded_lines": [], "start_line": 51}, "": {"executed_lines": [], "summary": {"covered_lines": 0, "num_statements": 7, "percent_covered": 0.0, "percent_covered_display": "0", "missing_lines": 7, "excluded_lines": 0, "percent_statements_covered": 0.0, "percent_statements_covered_display": "0"}, "missing_lines": [8, 9, 11, 13, 15, 18, 19], "excluded_lines": [], "start_line": 1}}, "classes": {"": {"executed_lines": [], "summary": {"covered_lines": 0, "num_statements": 29, "percent_covered": 0.0, "percent_covered_display": "0", "missing_lines": 29, "excluded_lines": 0, "percent_statements_covered": 0.0, "percent_statements_covered_display": "0"}, "missing_lines": [8, 9, 11, 13, 15, 18, 19, 46, 48, 49, 51, 53, 54, 55, 56, 58, 60, 65, 74, 75, 76, 85, 87, 89, 91, 93, 95, 96, 98], "excluded_lines": [], "start_line": 1}}}}, "totals": {"covered_lines": 4014, "num_statements": 4959, "percent_covered": 80.94373865698729, "percent_covered_display": "81", "missing_lines": 945, "excluded_lines": 121, "percent_statements_covered": 80.94373865698729, "percent_statements_covered_display": "81"}}